Initial Memory Usage:17968.000000 KB
Freq=0  rank=0 f[Freq]=0.125000
start fmodel
开始计算v0
_v0_time=8.095909
A Bid(1056)
A Bid(3040)
A Bid(4096)
A Bid(5152)
A Bid(7136)
A Bid(8192)
A Bid(idn7=12288)
A 2
ed_idx-st_idx:12288
=======kspSolve start======

Other  not happen.
V1+P solve time(MPI):53.562752 
countbuf=0
A Bid(1056)
A Bid(3040)
A Bid(4096)
A Bid(5152)
A Bid(7136)
A Bid(8192)
A Bid(idn7=12288)
A 2
ed_idx-st_idx:12288
=======kspSolve start======

Other  not happen.
V2+P solve time(MPI):51.469874 
start startrho fmodel.NX=32
s=0
start for循环
PhaseXX mid: 43.428995
PhaseXY mid: 45.042583
PhaseYX mid: 45.047917
PhaseYY mid: 43.324851
RseXX mid: 0.001893
RseXY mid: 90.060495
RseYX mid: 91.647363
RseYY mid: 0.004340
===fmodel time(MPI):113.582589 seconds
Memory Usage after allocation: 3.07805e+06 KB
