Initial Memory Usage:13796.000000 KB
Freq=0  rank=0 f[Freq]=0.100000
start fmodel
开始计算v0
_v0_time=8.439834
A Bid(1056)
A Bid(3040)
A Bid(4096)
A Bid(5152)
A Bid(7136)
A Bid(8192)
A Bid(idn7=12288)
A 2
ed_idx-st_idx:12288
=======kspSolve start======

Other  not happen.
V1+P solve time(MPI):52.947571 
countbuf=0
A Bid(1056)
A Bid(3040)
A Bid(4096)
A Bid(5152)
A Bid(7136)
A Bid(8192)
A Bid(idn7=12288)
A 2
ed_idx-st_idx:12288
=======kspSolve start======

Other  not happen.
V2+P solve time(MPI):53.481459 
start startrho fmodel.NX=32
s=0
start for循环
PhaseXX mid: 49.096239
PhaseXY mid: 45.001795
PhaseYX mid: 45.097453
PhaseYY mid: 48.980238
RseXX mid: 0.021295
RseXY mid: 104.220992
RseYX mid: 107.674713
RseYY mid: 0.021319
===fmodel time(MPI):115.142178 seconds
Memory Usage after allocation: 3.07952e+06 KB
