Initial Memory Usage:17656.000000 KB
Freq=0  rank=0 f[Freq]=0.125000
start fmodel
开始计算v0
_v0_time=74.829236
A Bid(4422)
A Bid(13002)
A Bid(17424)
A Bid(21846)
A Bid(30426)
A Bid(34848)
A Bid(idn7=52272)
A 2
ed_idx-st_idx:52272
=======kspSolve start======

Other  not happen.
V1+P solve time(MPI):750.601618 
A Bid(4422)
A Bid(13002)
A Bid(17424)
A Bid(21846)
A Bid(30426)
A Bid(34848)
A Bid(idn7=52272)
A 2
ed_idx-st_idx:52272
=======kspSolve start======

Other  not happen.
V2+P solve time(MPI):715.219721 
start rho   NX=66
start Zxx
PhaseXX mid: 43.954216
PhaseXY mid: 45.071825
PhaseYX mid: 45.091250
PhaseYY mid: 43.776345
RseXX mid: 0.003090
RseXY mid: 94.271584
RseYX mid: 95.121658
RseYY mid: 0.005881
fmodel time(MPI):1544.183571 seconds
Memory Usage after allocation: 3.70077e+07 KB
