Initial Memory Usage: 7940 KB
Initial Memory Usage: 8092 KB
Initial Memory Usage: 8084 KB
Initial Memory Usage: 8016 KB
Initial Memory Usage: 8024 KB
Initial Memory Usage: 8080 KB
Initial Memory Usage: 8148 KB
Initial Memory Usage: 8024 KB
Freq=0  rank=0 f[Freq]=0.125000
start fmodel
Freq=1  rank=0 f[Freq]=0.250000
start fmodel
Freq=2  rank=0 f[Freq]=0.375000
start fmodel
Freq=3  rank=0 f[Freq]=0.500000
start fmodel
Freq=4  rank=0 f[Freq]=0.625000
start fmodel
Freq=5  rank=0 f[Freq]=0.750000
start fmodel
Freq=6  rank=0 f[Freq]=0.875000
start fmodel
Freq=7  rank=0 f[Freq]=1.000000
start fmodel
开始计算v0
开始计算v0
开始计算v0
开始计算v0
开始计算v0
开始计算v0
开始计算v0
开始计算v0
_v0_time=7.560916
_v0_time=7.590530
_v0_time=7.704117
_v0_time=7.724223
_v0_time=7.727843
_v0_time=7.757754
_v0_time=7.915741
_v0_time=7.970289
ed_idx-st_idx:12288
ed_idx-st_idx:12288
ed_idx-st_idx:12288
ed_idx-st_idx:12288
A Bid(1056)
A Bid(3040)
A Bid(4096)
A Bid(5152)
A Bid(7136)
A Bid(8192)
A Bid(idn7=12288)
A 2
ed_idx-st_idx:12288
ed_idx-st_idx:12288
ed_idx-st_idx:12288
ed_idx-st_idx:12288
=======kspSolve start======
=======kspSolve start======
=======kspSolve start======
=======kspSolve start======
=======kspSolve start======
=======kspSolve start======
=======kspSolve start======
=======kspSolve start======
V1+P solve time(MPI):31.336067 
countbuf=0
V1+P solve time(MPI):31.371108 
countbuf=0
V1+P solve time(MPI):32.021760 
countbuf=0
V1+P solve time(MPI):32.482941 
countbuf=0

Other  not happen.
V1+P solve time(MPI):33.192563 
countbuf=0
V1+P solve time(MPI):33.022702 
countbuf=0
V1+P solve time(MPI):33.996444 
countbuf=0
V1+P solve time(MPI):34.860344 
countbuf=0
EpyBstart=6
EpyBstart=6
EpyBstart=6
EpyBstart=6
EpyBstart=6
EpyBstart=6
EpyBstart=6
EpyBstart=6
A Bid(1056)
A Bid(3040)
A Bid(4096)
A Bid(5152)
A Bid(7136)
A Bid(8192)
A Bid(idn7=12288)
A 2
ed_idx-st_idx:12288
ed_idx-st_idx:12288
ed_idx-st_idx:12288
ed_idx-st_idx:12288
ed_idx-st_idx:12288
ed_idx-st_idx:12288
ed_idx-st_idx:12288
ed_idx-st_idx:12288
=======kspSolve start======
=======kspSolve start======
=======kspSolve start======
=======kspSolve start======
=======kspSolve start======
=======kspSolve start======
=======kspSolve start======
=======kspSolve start======
V2+P solve time(MPI):33.891275 
start startrho fmodel.NX=32
s=7
start for循环
PhaseXX mid: 40.019567
PhaseXY mid: 46.728888
PhaseYX mid: 46.728888
PhaseYY mid: 40.019567
RseXX mid: 0.018024
RseXY mid: 49.417988
RseYX mid: 49.417988
RseYY mid: 0.018024
Memory Usage after allocation: 2.86229e+06 KB
V2+P solve time(MPI):34.112777 
start startrho fmodel.NX=32
s=3
start for循环
PhaseXX mid: 41.582574
PhaseXY mid: 46.278622
PhaseYX mid: 46.278622
PhaseYY mid: 41.582574
RseXX mid: 0.018876
RseXY mid: 48.428201
RseYX mid: 48.428201
RseYY mid: 0.018876
Memory Usage after allocation: 2.86235e+06 KB
V2+P solve time(MPI):33.860524 
start startrho fmodel.NX=32
s=1
V2+P solve time(MPI):33.618959 
start startrho fmodel.NX=32
s=2
start for循环
start for循环
PhaseXX mid: 42.637172
PhaseXY mid: 45.933226
PhaseYX mid: 45.933226
PhaseYY mid: 42.637172
RseXX mid: 0.019499
RseXY mid: 47.736654
RseYX mid: 47.736654
RseYY mid: 0.019499
Memory Usage after allocation: 2.8622e+06 KB
PhaseXX mid: 42.070343
PhaseXY mid: 46.123527
PhaseYX mid: 46.123527
PhaseYY mid: 42.070343
RseXX mid: 0.019159
RseXY mid: 48.111317
RseYX mid: 48.111317
RseYY mid: 0.019159
Memory Usage after allocation: 2.89314e+06 KB
V2+P solve time(MPI):33.302174 
start startrho fmodel.NX=32
s=5
start for循环
PhaseXX mid: 40.744731
PhaseXY mid: 46.528397
PhaseYX mid: 46.528397
PhaseYY mid: 40.744731
RseXX mid: 0.018409
RseXY mid: 48.962915
RseYX mid: 48.962915
RseYY mid: 0.018409
Memory Usage after allocation: 2.86243e+06 KB

Other  not happen.
V2+P solve time(MPI):34.609780 
start startrho fmodel.NX=32
s=0
start for循环
PhaseXX mid: 43.355515
PhaseXY mid: 45.673842
PhaseYX mid: 45.673842
PhaseYY mid: 43.355515
RseXX mid: 0.019950
RseXY mid: 47.250341
RseYX mid: 47.250341
RseYY mid: 0.019950
Memory Usage after allocation: 2.89297e+06 KB
V2+P solve time(MPI):34.207006 
start startrho fmodel.NX=32
s=6
start for循环
PhaseXX mid: 40.371303
PhaseXY mid: 46.633404
PhaseYX mid: 46.633404
PhaseYY mid: 40.371303
RseXX mid: 0.018209
RseXY mid: 49.198044
RseYX mid: 49.198044
RseYY mid: 0.018209
Memory Usage after allocation: 2.86212e+06 KB
V2+P solve time(MPI):33.888078 
start startrho fmodel.NX=32
s=4
start for循环
PhaseXX mid: 41.145575
PhaseXY mid: 46.411408
PhaseYX mid: 46.411408
PhaseYY mid: 41.145575
RseXX mid: 0.018629
RseXY mid: 48.708445
RseYX mid: 48.708445
RseYY mid: 0.018629
Memory Usage after allocation: 2.86234e+06 KB
===fmodel time(MPI):75.753891 seconds
