Initial Memory Usage: 8160 KB
Initial Memory Usage: 8020 KB
Initial Memory Usage: 8076 KB
Initial Memory Usage: 8000 KB
Initial Memory Usage: 8088 KB
Initial Memory Usage: 8076 KB
Initial Memory Usage: 8060 KB
Initial Memory Usage: 8080 KB
Initial Memory Usage: 8208 KB
Initial Memory Usage: 8208 KB
Initial Memory Usage: 8156 KB
Initial Memory Usage: 8008 KB
Initial Memory Usage: 8160 KB
Initial Memory Usage: 7988 KB
Initial Memory Usage: 8100 KB
Initial Memory Usage: 8056 KB
Initial Memory Usage: 7992 KB
Initial Memory Usage: 7948 KB
Initial Memory Usage: 7860 KB
Initial Memory Usage: 8020 KB
Initial Memory Usage: 7952 KB
Initial Memory Usage: 8020 KB
Initial Memory Usage: 7884 KB
Initial Memory Usage: 8076 KB
Initial Memory Usage: 8220 KB
Initial Memory Usage: 8092 KB
Initial Memory Usage: 8088 KB
Initial Memory Usage: 8088 KB
Initial Memory Usage: 8084 KB
Initial Memory Usage: 8108 KB
Initial Memory Usage: 8088 KB
Initial Memory Usage: 8064 KB
Initial Memory Usage: 8064 KB
Initial Memory Usage: 8020 KB
Initial Memory Usage: 8088 KB
Initial Memory Usage: 8156 KB
Initial Memory Usage: 8064 KB
Initial Memory Usage: 8224 KB
Initial Memory Usage: 8208 KB
Initial Memory Usage: 8092 KB
Initial Memory Usage: 8136 KB
Initial Memory Usage: 8016 KB
Initial Memory Usage: 8224 KB
Initial Memory Usage: 8144 KB
Initial Memory Usage: 8144 KB
Initial Memory Usage: 8060 KB
Initial Memory Usage: 7920 KB
Initial Memory Usage: 8096 KB
Initial Memory Usage: 7864 KB
Initial Memory Usage: 8132 KB
Initial Memory Usage: 7960 KB
Initial Memory Usage: 8000 KB
Initial Memory Usage: 8084 KB
Initial Memory Usage: 7960 KB
Initial Memory Usage: 7988 KB
Initial Memory Usage: 8024 KB
Initial Memory Usage: 7856 KB
Initial Memory Usage: 8032 KB
Initial Memory Usage: 7924 KB
Initial Memory Usage: 7928 KB
Initial Memory Usage: 8004 KB
Initial Memory Usage: 7964 KB
Initial Memory Usage: 8076 KB
Initial Memory Usage: 7940 KB
Initial Memory Usage: 8080 KB
Initial Memory Usage: 8160 KB
Initial Memory Usage: 8284 KB
Initial Memory Usage: 8196 KB
Initial Memory Usage: 8100 KB
Initial Memory Usage: 8188 KB
Initial Memory Usage: 8128 KB
Initial Memory Usage: 8088 KB
Initial Memory Usage: 8100 KB
Initial Memory Usage: 8052 KB
Initial Memory Usage: 8172 KB
Initial Memory Usage: 8100 KB
Initial Memory Usage: 8072 KB
Initial Memory Usage: 8288 KB
Initial Memory Usage: 8116 KB
Initial Memory Usage: 8080 KB
Initial Memory Usage: 8080 KB
Initial Memory Usage: 8104 KB
Initial Memory Usage: 8092 KB
Initial Memory Usage: 8096 KB
Initial Memory Usage: 7980 KB
Initial Memory Usage: 7864 KB
Initial Memory Usage: 8068 KB
Initial Memory Usage: 8072 KB
Initial Memory Usage: 8000 KB
Initial Memory Usage: 8044 KB
Initial Memory Usage: 7992 KB
Initial Memory Usage: 7948 KB
Initial Memory Usage: 8096 KB
Initial Memory Usage: 8068 KB
Initial Memory Usage: 8076 KB
Initial Memory Usage: 7952 KB
Initial Memory Usage: 8120 KB
Initial Memory Usage: 8096 KB
Initial Memory Usage: 8092 KB
Initial Memory Usage: 8064 KB
Initial Memory Usage: 8156 KB
Initial Memory Usage: 8120 KB
Initial Memory Usage: 8136 KB
Initial Memory Usage: 8088 KB
Initial Memory Usage: 8156 KB
Initial Memory Usage: 7952 KB
Initial Memory Usage: 8068 KB
Initial Memory Usage: 8108 KB
Initial Memory Usage: 8072 KB
Initial Memory Usage: 8088 KB
Initial Memory Usage: 8012 KB
Initial Memory Usage: 8052 KB
Initial Memory Usage: 8072 KB
Initial Memory Usage: 8156 KB
Initial Memory Usage: 7996 KB
Initial Memory Usage: 8220 KB
Initial Memory Usage: 8184 KB
Initial Memory Usage: 8128 KB
Initial Memory Usage: 8220 KB
Initial Memory Usage: 8112 KB
Initial Memory Usage: 8100 KB
Initial Memory Usage: 8088 KB
Initial Memory Usage: 8084 KB
Initial Memory Usage: 8112 KB
Initial Memory Usage: 8092 KB
Initial Memory Usage: 8084 KB
Initial Memory Usage: 8056 KB
Initial Memory Usage: 8056 KB
Initial Memory Usage: 8092 KB
Initial Memory Usage: 7980 KB
Initial Memory Usage: 7992 KB
Initial Memory Usage: 8076 KB
Initial Memory Usage: 8016 KB
Initial Memory Usage: 7988 KB
Initial Memory Usage: 7952 KB
Initial Memory Usage: 7936 KB
Initial Memory Usage: 8088 KB
Initial Memory Usage: 8024 KB
Initial Memory Usage: 8092 KB
Initial Memory Usage: 8052 KB
Initial Memory Usage: 7920 KB
Initial Memory Usage: 8116 KB
Initial Memory Usage: 7936 KB
Initial Memory Usage: 8120 KB
Initial Memory Usage: 7888 KB
Initial Memory Usage: 8060 KB
Initial Memory Usage: 7948 KB
Initial Memory Usage: 8084 KB
Initial Memory Usage: 8152 KB
Initial Memory Usage: 8124 KB
Initial Memory Usage: 8020 KB
Initial Memory Usage: 8008 KB
Initial Memory Usage: 8092 KB
Initial Memory Usage: 7924 KB
Initial Memory Usage: 7956 KB
Initial Memory Usage: 7932 KB
Initial Memory Usage: 7884 KB
Initial Memory Usage: 8012 KB
Initial Memory Usage: 8008 KB
Initial Memory Usage: 7876 KB
Initial Memory Usage: 7956 KB
Initial Memory Usage: 7924 KB
Initial Memory Usage: 7888 KB
Initial Memory Usage: 7988 KB
Initial Memory Usage: 8068 KB
Initial Memory Usage: 8032 KB
Initial Memory Usage: 8076 KB
Initial Memory Usage: 7948 KB
Initial Memory Usage: 8108 KB
Initial Memory Usage: 8096 KB
Initial Memory Usage: 7920 KB
Initial Memory Usage: 7944 KB
Initial Memory Usage: 7860 KB
Initial Memory Usage: 8088 KB
Initial Memory Usage: 7948 KB
Initial Memory Usage: 8020 KB
Initial Memory Usage: 8032 KB
Initial Memory Usage: 7952 KB
Initial Memory Usage: 7992 KB
Initial Memory Usage: 8012 KB
Initial Memory Usage: 7996 KB
Initial Memory Usage: 8080 KB
Initial Memory Usage: 7940 KB
Initial Memory Usage: 8088 KB
Initial Memory Usage: 8008 KB
Initial Memory Usage: 7928 KB
Initial Memory Usage: 7948 KB
Initial Memory Usage: 7984 KB
Initial Memory Usage: 8088 KB
Initial Memory Usage: 7856 KB
Initial Memory Usage: 8080 KB
Initial Memory Usage: 7888 KB
Initial Memory Usage: 8016 KB
Initial Memory Usage: 8164 KB
Initial Memory Usage: 8072 KB
Initial Memory Usage: 8080 KB
Initial Memory Usage: 8028 KB
Initial Memory Usage: 7952 KB
Initial Memory Usage: 7988 KB
Initial Memory Usage: 8068 KB
Initial Memory Usage: 7980 KB
Initial Memory Usage: 7976 KB
Initial Memory Usage: 7964 KB
Initial Memory Usage: 8084 KB
Initial Memory Usage: 8020 KB
Initial Memory Usage: 8000 KB
Initial Memory Usage: 7860 KB
Initial Memory Usage: 8096 KB
Initial Memory Usage: 8236 KB
Initial Memory Usage: 8120 KB
Initial Memory Usage: 7960 KB
Initial Memory Usage: 8156 KB
Initial Memory Usage: 8100 KB
Initial Memory Usage: 8088 KB
Initial Memory Usage: 8132 KB
Initial Memory Usage: 8092 KB
Initial Memory Usage: 8072 KB
Initial Memory Usage: 8092 KB
Initial Memory Usage: 8128 KB
Initial Memory Usage: 8088 KB
Initial Memory Usage: 8096 KB
Initial Memory Usage: 8028 KB
Initial Memory Usage: 8104 KB
Initial Memory Usage: 8028 KB
Initial Memory Usage: 8004 KB
Initial Memory Usage: 8080 KB
Initial Memory Usage: 8160 KB
Initial Memory Usage: 8072 KB
Initial Memory Usage: 8104 KB
Initial Memory Usage: 7980 KB
Initial Memory Usage: 8004 KB
Initial Memory Usage: 8132 KB
Initial Memory Usage: 8132 KB
Initial Memory Usage: 7972 KB
Initial Memory Usage: 8124 KB
Initial Memory Usage: 8092 KB
Initial Memory Usage: 8152 KB
Initial Memory Usage: 8092 KB
Initial Memory Usage: 8232 KB
Initial Memory Usage: 8112 KB
Initial Memory Usage: 8000 KB
Initial Memory Usage: 8124 KB
Initial Memory Usage: 8000 KB
Initial Memory Usage: 8032 KB
Initial Memory Usage: 7952 KB
Initial Memory Usage: 8072 KB
Initial Memory Usage: 7984 KB
Initial Memory Usage: 7948 KB
Initial Memory Usage: 8100 KB
Initial Memory Usage: 8084 KB
Initial Memory Usage: 8132 KB
Initial Memory Usage: 8072 KB
Initial Memory Usage: 8100 KB
Initial Memory Usage: 8140 KB
Initial Memory Usage: 8088 KB
Initial Memory Usage: 8044 KB
Initial Memory Usage: 8156 KB
Initial Memory Usage: 8152 KB
Initial Memory Usage: 7992 KB
Initial Memory Usage: 8084 KB
Initial Memory Usage: 8092 KB
Initial Memory Usage: 8108 KB
Initial Memory Usage: 8096 KB
Initial Memory Usage: 8020 KB
Initial Memory Usage: 8072 KB
Initial Memory Usage: 8084 KB
Initial Memory Usage: 8176 KB
Initial Memory Usage: 8188 KB
Initial Memory Usage: 8172 KB
Initial Memory Usage: 8068 KB
Initial Memory Usage: 8072 KB
Initial Memory Usage: 8220 KB
Initial Memory Usage: 7980 KB
Initial Memory Usage: 7948 KB
Initial Memory Usage: 7924 KB
Initial Memory Usage: 8068 KB
Initial Memory Usage: 7980 KB
Initial Memory Usage: 8064 KB
Initial Memory Usage: 8020 KB
Initial Memory Usage: 7996 KB
Initial Memory Usage: 8088 KB
Initial Memory Usage: 7996 KB
Initial Memory Usage: 8080 KB
Initial Memory Usage: 7980 KB
Initial Memory Usage: 7992 KB
Initial Memory Usage: 8132 KB
Initial Memory Usage: 8064 KB
Initial Memory Usage: 8032 KB
Initial Memory Usage: 8064 KB
Initial Memory Usage: 8032 KB
Initial Memory Usage: 7984 KB
Initial Memory Usage: 8012 KB
Initial Memory Usage: 8076 KB
Initial Memory Usage: 8032 KB
Initial Memory Usage: 8072 KB
Initial Memory Usage: 7888 KB
Initial Memory Usage: 8188 KB
Initial Memory Usage: 8096 KB
Initial Memory Usage: 7992 KB
Initial Memory Usage: 8144 KB
Initial Memory Usage: 8024 KB
Initial Memory Usage: 8140 KB
Initial Memory Usage: 8160 KB
Initial Memory Usage: 8068 KB
Initial Memory Usage: 7976 KB
Initial Memory Usage: 8020 KB
Initial Memory Usage: 8216 KB
Initial Memory Usage: 8092 KB
Initial Memory Usage: 8012 KB
Initial Memory Usage: 8096 KB
Initial Memory Usage: 8220 KB
Initial Memory Usage: 7924 KB
Initial Memory Usage: 7836 KB
Initial Memory Usage: 7956 KB
Initial Memory Usage: 7876 KB
Initial Memory Usage: 7884 KB
Initial Memory Usage: 8076 KB
Initial Memory Usage: 8088 KB
Initial Memory Usage: 7920 KB
Initial Memory Usage: 7920 KB
Initial Memory Usage: 8076 KB
Initial Memory Usage: 8056 KB
Initial Memory Usage: 8024 KB
Initial Memory Usage: 8028 KB
Initial Memory Usage: 7924 KB
Initial Memory Usage: 8076 KB
Initial Memory Usage: 8024 KB
Initial Memory Usage: 8060 KB
Initial Memory Usage: 8072 KB
Initial Memory Usage: 8020 KB
Initial Memory Usage: 7952 KB
Initial Memory Usage: 8108 KB
Initial Memory Usage: 8012 KB
Initial Memory Usage: 7988 KB
Initial Memory Usage: 8028 KB
Initial Memory Usage: 8152 KB
Initial Memory Usage: 8096 KB
Initial Memory Usage: 8092 KB
Initial Memory Usage: 7948 KB
Initial Memory Usage: 8064 KB
Initial Memory Usage: 8036 KB
Initial Memory Usage: 7988 KB
Initial Memory Usage: 8064 KB
Initial Memory Usage: 8044 KB
Initial Memory Usage: 7928 KB
Initial Memory Usage: 8096 KB
Initial Memory Usage: 8096 KB
Initial Memory Usage: 8000 KB
Initial Memory Usage: 8120 KB
Initial Memory Usage: 8048 KB
Initial Memory Usage: 8016 KB
Initial Memory Usage: 8064 KB
Initial Memory Usage: 8092 KB
Initial Memory Usage: 7936 KB
Initial Memory Usage: 8028 KB
Initial Memory Usage: 8064 KB
Initial Memory Usage: 8076 KB
Initial Memory Usage: 8004 KB
Initial Memory Usage: 7964 KB
Initial Memory Usage: 8072 KB
Initial Memory Usage: 8088 KB
Initial Memory Usage: 8024 KB
Initial Memory Usage: 7996 KB
Initial Memory Usage: 8096 KB
Initial Memory Usage: 8092 KB
Initial Memory Usage: 7944 KB
Initial Memory Usage: 8008 KB
Initial Memory Usage: 8080 KB
Initial Memory Usage: 8080 KB
Initial Memory Usage: 8048 KB
Initial Memory Usage: 8092 KB
Initial Memory Usage: 8084 KB
Initial Memory Usage: 7984 KB
Initial Memory Usage: 8028 KB
Initial Memory Usage: 7956 KB
Initial Memory Usage: 7988 KB
Initial Memory Usage: 7888 KB
Initial Memory Usage: 8016 KB
Initial Memory Usage: 8016 KB
Initial Memory Usage: 8076 KB
Initial Memory Usage: 7900 KB
Initial Memory Usage: 8040 KB
Initial Memory Usage: 8096 KB
Initial Memory Usage: 7892 KB
Initial Memory Usage: 8132 KB
Initial Memory Usage: 8152 KB
Initial Memory Usage: 7952 KB
Initial Memory Usage: 8272 KB
Initial Memory Usage: 8156 KB
Initial Memory Usage: 8028 KB
Initial Memory Usage: 8048 KB
Initial Memory Usage: 8080 KB
Initial Memory Usage: 8088 KB
Initial Memory Usage: 8020 KB
Initial Memory Usage: 8056 KB
Initial Memory Usage: 8084 KB
Initial Memory Usage: 8020 KB
Initial Memory Usage: 8064 KB
Initial Memory Usage: 7948 KB
Initial Memory Usage: 7988 KB
Initial Memory Usage: 8096 KB
Initial Memory Usage: 8024 KB
Initial Memory Usage: 8012 KB
Initial Memory Usage: 7964 KB
Initial Memory Usage: 8000 KB
Initial Memory Usage: 8024 KB
Initial Memory Usage: 8016 KB
Initial Memory Usage: 8012 KB
Initial Memory Usage: 7980 KB
Initial Memory Usage: 8056 KB
Initial Memory Usage: 8020 KB
Initial Memory Usage: 8104 KB
Initial Memory Usage: 8012 KB
Initial Memory Usage: 8072 KB
Initial Memory Usage: 8096 KB
Initial Memory Usage: 7988 KB
Initial Memory Usage: 8076 KB
Initial Memory Usage: 7888 KB
Initial Memory Usage: 7884 KB
Initial Memory Usage: 8080 KB
Initial Memory Usage: 8068 KB
Initial Memory Usage: 8092 KB
Initial Memory Usage: 7988 KB
Initial Memory Usage: 7952 KB
Initial Memory Usage: 7884 KB
Initial Memory Usage: 8028 KB
Initial Memory Usage: 8028 KB
Initial Memory Usage: 8020 KB
Initial Memory Usage: 8016 KB
Initial Memory Usage: 8100 KB
Initial Memory Usage: 8080 KB
Initial Memory Usage: 8080 KB
Initial Memory Usage: 8060 KB
Initial Memory Usage: 8124 KB
Initial Memory Usage: 8120 KB
Initial Memory Usage: 8148 KB
Initial Memory Usage: 8064 KB
Initial Memory Usage: 8148 KB
Initial Memory Usage: 8132 KB
Initial Memory Usage: 8088 KB
Initial Memory Usage: 8152 KB
Initial Memory Usage: 8004 KB
Initial Memory Usage: 8012 KB
Initial Memory Usage: 8056 KB
Initial Memory Usage: 8128 KB
Initial Memory Usage: 8076 KB
Initial Memory Usage: 8092 KB
Initial Memory Usage: 8084 KB
Initial Memory Usage: 8048 KB
Initial Memory Usage: 8060 KB
Initial Memory Usage: 8288 KB
Initial Memory Usage: 8156 KB
Initial Memory Usage: 8016 KB
Initial Memory Usage: 8144 KB
Initial Memory Usage: 8052 KB
Initial Memory Usage: 8152 KB
Initial Memory Usage: 8020 KB
Initial Memory Usage: 8012 KB
Initial Memory Usage: 7964 KB
Initial Memory Usage: 8048 KB
Initial Memory Usage: 7888 KB
Initial Memory Usage: 7876 KB
Initial Memory Usage: 7928 KB
Initial Memory Usage: 8028 KB
Initial Memory Usage: 8008 KB
Initial Memory Usage: 7908 KB
Initial Memory Usage: 8084 KB
Initial Memory Usage: 7980 KB
Initial Memory Usage: 8008 KB
Initial Memory Usage: 8076 KB
Initial Memory Usage: 7992 KB
Initial Memory Usage: 7920 KB
Initial Memory Usage: 8060 KB
Initial Memory Usage: 8052 KB
Initial Memory Usage: 8076 KB
Initial Memory Usage: 8100 KB
Initial Memory Usage: 7932 KB
Initial Memory Usage: 8096 KB
Initial Memory Usage: 8072 KB
Initial Memory Usage: 8004 KB
Initial Memory Usage: 7952 KB
Initial Memory Usage: 8048 KB
Initial Memory Usage: 8060 KB
Initial Memory Usage: 7984 KB
Initial Memory Usage: 8076 KB
Initial Memory Usage: 7872 KB
Initial Memory Usage: 8412 KB
Initial Memory Usage: 8592 KB
Initial Memory Usage: 8184 KB
Initial Memory Usage: 8076 KB
Initial Memory Usage: 8192 KB
Initial Memory Usage: 8076 KB
Initial Memory Usage: 8060 KB
Initial Memory Usage: 8080 KB
Initial Memory Usage: 8204 KB
Initial Memory Usage: 8176 KB
Initial Memory Usage: 8088 KB
Initial Memory Usage: 8072 KB
Initial Memory Usage: 8132 KB
Initial Memory Usage: 8056 KB
Initial Memory Usage: 8068 KB
Initial Memory Usage: 7992 KB
Initial Memory Usage: 8104 KB
Initial Memory Usage: 8032 KB
Initial Memory Usage: 7996 KB
Initial Memory Usage: 8104 KB
Initial Memory Usage: 8128 KB
Initial Memory Usage: 8080 KB
Initial Memory Usage: 8164 KB
Initial Memory Usage: 8060 KB
Initial Memory Usage: 8156 KB
Initial Memory Usage: 8104 KB
Freq=0  rank=0 f[Freq]=0.125000
start fmodel
Freq=2  rank=0 f[Freq]=0.375000
start fmodel
Freq=4  rank=0 f[Freq]=0.625000
start fmodel
Freq=5  rank=0 f[Freq]=0.750000
start fmodel
Freq=6  rank=0 f[Freq]=0.875000
start fmodel
Freq=7  rank=0 f[Freq]=1.000000
start fmodel
Freq=1  rank=0 f[Freq]=0.250000
start fmodel
Freq=3  rank=0 f[Freq]=0.500000
start fmodel
开始计算v0
开始计算v0
开始计算v0
开始计算v0
开始计算v0
开始计算v0
开始计算v0
开始计算v0
_v0_time=0.163253
_v0_time=0.163976
_v0_time=0.166967
_v0_time=0.168254
_v0_time=0.168601
_v0_time=0.209368
_v0_time=0.217238
_v0_time=0.260054
ed_idx-st_idx:192
ed_idx-st_idx:192
ed_idx-st_idx:192
ed_idx-st_idx:192
A Bid(1056)
A Bid(3040)
A Bid(4096)
A Bid(5152)
A Bid(7136)
A Bid(8192)
A Bid(idn7=12288)
A 2
ed_idx-st_idx:192
=======kspSolve start======
=======kspSolve start======
=======kspSolve start======
=======kspSolve start======
=======kspSolve start======
ed_idx-st_idx:192
ed_idx-st_idx:192
ed_idx-st_idx:192
=======kspSolve start======
=======kspSolve start======
=======kspSolve start======
V1+P solve time(MPI):7.877386 
countbuf=0
V1+P solve time(MPI):7.976636 
countbuf=0

Other  not happen.
V1+P solve time(MPI):8.033691 
countbuf=0
V1+P solve time(MPI):8.159099 
countbuf=0
V1+P solve time(MPI):8.947255 
countbuf=0
V1+P solve time(MPI):9.011286 
countbuf=0
V1+P solve time(MPI):9.838131 
countbuf=0
V1+P solve time(MPI):9.946480 
countbuf=0
EpyBstart=6
EpyBstart=6
EpyBstart=6
EpyBstart=6
EpyBstart=6
EpyBstart=6
EpyBstart=6
EpyBstart=6
EpyBstart=6
EpyBstart=6
EpyBstart=6
EpyBstart=6
EpyBstart=6
EpyBstart=6
EpyBstart=6
EpyBstart=6
EpyBstart=6
EpyBstart=6
EpyBstart=6
EpyBstart=6
EpyBstart=6
EpyBstart=6
EpyBstart=6
EpyBstart=6
EpyBstart=6
EpyBstart=6
EpyBstart=6
EpyBstart=6
EpyBstart=6
EpyBstart=6
EpyBstart=6
EpyBstart=6
EpyBstart=6
EpyBstart=6
EpyBstart=6
EpyBstart=6
EpyBstart=6
EpyBstart=6
EpyBstart=6
EpyBstart=6
EpyBstart=6
EpyBstart=6
EpyBstart=6
EpyBstart=6
EpyBstart=6
EpyBstart=6
EpyBstart=6
EpyBstart=6
EpyBstart=6
EpyBstart=6
EpyBstart=6
EpyBstart=6
EpyBstart=6
EpyBstart=6
EpyBstart=6
EpyBstart=6
EpyBstart=6
EpyBstart=6
EpyBstart=6
EpyBstart=6
EpyBstart=6
EpyBstart=6
EpyBstart=6
EpyBstart=6
EpyBstart=6
EpyBstart=6
EpyBstart=6
EpyBstart=6
EpyBstart=6
EpyBstart=6
EpyBstart=6
EpyBstart=6
EpyBstart=6
EpyBstart=6
EpyBstart=6
EpyBstart=6
EpyBstart=6
EpyBstart=6
EpyBstart=6
EpyBstart=6
EpyBstart=6
EpyBstart=6
EpyBstart=6
EpyBstart=6
EpyBstart=6
EpyBstart=6
EpyBstart=6
EpyBstart=6
EpyBstart=6
EpyBstart=6
EpyBstart=6
EpyBstart=6
EpyBstart=6
EpyBstart=6
EpyBstart=6
EpyBstart=6
EpyBstart=6
EpyBstart=6
EpyBstart=6
EpyBstart=6
EpyBstart=6
EpyBstart=6
EpyBstart=6
EpyBstart=6
EpyBstart=6
EpyBstart=6
EpyBstart=6
EpyBstart=6
EpyBstart=6
EpyBstart=6
EpyBstart=6
EpyBstart=6
EpyBstart=6
EpyBstart=6
EpyBstart=6
EpyBstart=6
EpyBstart=6
EpyBstart=6
EpyBstart=6
EpyBstart=6
EpyBstart=6
EpyBstart=6
EpyBstart=6
EpyBstart=6
EpyBstart=6
EpyBstart=6
EpyBstart=6
EpyBstart=6
EpyBstart=6
EpyBstart=6
EpyBstart=6
EpyBstart=6
EpyBstart=6
EpyBstart=6
EpyBstart=6
EpyBstart=6
EpyBstart=6
EpyBstart=6
EpyBstart=6
EpyBstart=6
EpyBstart=6
EpyBstart=6
EpyBstart=6
EpyBstart=6
EpyBstart=6
EpyBstart=6
EpyBstart=6
EpyBstart=6
EpyBstart=6
EpyBstart=6
EpyBstart=6
EpyBstart=6
EpyBstart=6
EpyBstart=6
EpyBstart=6
EpyBstart=6
EpyBstart=6
EpyBstart=6
EpyBstart=6
EpyBstart=6
EpyBstart=6
EpyBstart=6
EpyBstart=6
EpyBstart=6
EpyBstart=6
EpyBstart=6
EpyBstart=6
EpyBstart=6
EpyBstart=6
EpyBstart=6
EpyBstart=6
EpyBstart=6
EpyBstart=6
EpyBstart=6
EpyBstart=6
EpyBstart=6
EpyBstart=6
EpyBstart=6
EpyBstart=6
EpyBstart=6
EpyBstart=6
EpyBstart=6
EpyBstart=6
EpyBstart=6
EpyBstart=6
EpyBstart=6
EpyBstart=6
EpyBstart=6
EpyBstart=6
EpyBstart=6
EpyBstart=6
EpyBstart=6
EpyBstart=6
EpyBstart=6
EpyBstart=6
EpyBstart=6
EpyBstart=6
EpyBstart=6
EpyBstart=6
EpyBstart=6
EpyBstart=6
EpyBstart=6
EpyBstart=6
EpyBstart=6
EpyBstart=6
EpyBstart=6
EpyBstart=6
EpyBstart=6
EpyBstart=6
EpyBstart=6
EpyBstart=6
EpyBstart=6
EpyBstart=6
EpyBstart=6
EpyBstart=6
EpyBstart=6
EpyBstart=6
EpyBstart=6
EpyBstart=6
EpyBstart=6
EpyBstart=6
EpyBstart=6
EpyBstart=6
EpyBstart=6
EpyBstart=6
EpyBstart=6
EpyBstart=6
EpyBstart=6
EpyBstart=6
EpyBstart=6
EpyBstart=6
EpyBstart=6
EpyBstart=6
EpyBstart=6
EpyBstart=6
EpyBstart=6
EpyBstart=6
EpyBstart=6
EpyBstart=6
EpyBstart=6
EpyBstart=6
EpyBstart=6
EpyBstart=6
EpyBstart=6
EpyBstart=6
EpyBstart=6
EpyBstart=6
EpyBstart=6
EpyBstart=6
EpyBstart=6
EpyBstart=6
EpyBstart=6
EpyBstart=6
EpyBstart=6
EpyBstart=6
EpyBstart=6
EpyBstart=6
EpyBstart=6
EpyBstart=6
EpyBstart=6
EpyBstart=6
EpyBstart=6
EpyBstart=6
EpyBstart=6
EpyBstart=6
EpyBstart=6
EpyBstart=6
EpyBstart=6
EpyBstart=6
EpyBstart=6
EpyBstart=6
EpyBstart=6
EpyBstart=6
EpyBstart=6
EpyBstart=6
EpyBstart=6
EpyBstart=6
EpyBstart=6
EpyBstart=6
EpyBstart=6
EpyBstart=6
EpyBstart=6
EpyBstart=6
EpyBstart=6
EpyBstart=6
EpyBstart=6
EpyBstart=6
EpyBstart=6
EpyBstart=6
EpyBstart=6
EpyBstart=6
EpyBstart=6
EpyBstart=6
EpyBstart=6
EpyBstart=6
EpyBstart=6
EpyBstart=6
EpyBstart=6
EpyBstart=6
EpyBstart=6
EpyBstart=6
EpyBstart=6
EpyBstart=6
EpyBstart=6
EpyBstart=6
EpyBstart=6
EpyBstart=6
EpyBstart=6
EpyBstart=6
EpyBstart=6
EpyBstart=6
EpyBstart=6
EpyBstart=6
EpyBstart=6
EpyBstart=6
EpyBstart=6
EpyBstart=6
EpyBstart=6
EpyBstart=6
EpyBstart=6
EpyBstart=6
EpyBstart=6
EpyBstart=6
EpyBstart=6
EpyBstart=6
EpyBstart=6
EpyBstart=6
EpyBstart=6
EpyBstart=6
EpyBstart=6
EpyBstart=6
EpyBstart=6
EpyBstart=6
EpyBstart=6
EpyBstart=6
EpyBstart=6
EpyBstart=6
EpyBstart=6
EpyBstart=6
EpyBstart=6
EpyBstart=6
EpyBstart=6
EpyBstart=6
EpyBstart=6
EpyBstart=6
EpyBstart=6
EpyBstart=6
EpyBstart=6
EpyBstart=6
EpyBstart=6
EpyBstart=6
EpyBstart=6
EpyBstart=6
EpyBstart=6
EpyBstart=6
EpyBstart=6
EpyBstart=6
EpyBstart=6
EpyBstart=6
EpyBstart=6
EpyBstart=6
EpyBstart=6
EpyBstart=6
EpyBstart=6
EpyBstart=6
EpyBstart=6
EpyBstart=6
EpyBstart=6
EpyBstart=6
EpyBstart=6
EpyBstart=6
EpyBstart=6
EpyBstart=6
EpyBstart=6
EpyBstart=6
EpyBstart=6
EpyBstart=6
EpyBstart=6
EpyBstart=6
EpyBstart=6
EpyBstart=6
EpyBstart=6
EpyBstart=6
EpyBstart=6
EpyBstart=6
EpyBstart=6
EpyBstart=6
EpyBstart=6
EpyBstart=6
EpyBstart=6
EpyBstart=6
EpyBstart=6
EpyBstart=6
EpyBstart=6
EpyBstart=6
EpyBstart=6
EpyBstart=6
EpyBstart=6
EpyBstart=6
EpyBstart=6
EpyBstart=6
EpyBstart=6
EpyBstart=6
EpyBstart=6
EpyBstart=6
EpyBstart=6
EpyBstart=6
EpyBstart=6
EpyBstart=6
EpyBstart=6
EpyBstart=6
EpyBstart=6
EpyBstart=6
EpyBstart=6
EpyBstart=6
EpyBstart=6
EpyBstart=6
EpyBstart=6
EpyBstart=6
EpyBstart=6
EpyBstart=6
EpyBstart=6
EpyBstart=6
EpyBstart=6
EpyBstart=6
EpyBstart=6
EpyBstart=6
EpyBstart=6
EpyBstart=6
EpyBstart=6
EpyBstart=6
EpyBstart=6
EpyBstart=6
EpyBstart=6
EpyBstart=6
EpyBstart=6
EpyBstart=6
EpyBstart=6
EpyBstart=6
EpyBstart=6
EpyBstart=6
EpyBstart=6
EpyBstart=6
EpyBstart=6
EpyBstart=6
EpyBstart=6
EpyBstart=6
EpyBstart=6
EpyBstart=6
EpyBstart=6
EpyBstart=6
EpyBstart=6
EpyBstart=6
EpyBstart=6
EpyBstart=6
EpyBstart=6
EpyBstart=6
EpyBstart=6
EpyBstart=6
EpyBstart=6
EpyBstart=6
EpyBstart=6
EpyBstart=6
EpyBstart=6
EpyBstart=6
EpyBstart=6
EpyBstart=6
EpyBstart=6
EpyBstart=6
EpyBstart=6
EpyBstart=6
EpyBstart=6
EpyBstart=6
EpyBstart=6
EpyBstart=6
EpyBstart=6
EpyBstart=6
EpyBstart=6
EpyBstart=6
EpyBstart=6
EpyBstart=6
EpyBstart=6
EpyBstart=6
EpyBstart=6
EpyBstart=6
EpyBstart=6
EpyBstart=6
EpyBstart=6
EpyBstart=6
EpyBstart=6
EpyBstart=6
EpyBstart=6
EpyBstart=6
EpyBstart=6
EpyBstart=6
EpyBstart=6
EpyBstart=6
EpyBstart=6
EpyBstart=6
EpyBstart=6
EpyBstart=6
EpyBstart=6
EpyBstart=6
EpyBstart=6
EpyBstart=6
EpyBstart=6
EpyBstart=6
EpyBstart=6
EpyBstart=6
EpyBstart=6
EpyBstart=6
EpyBstart=6
ed_idx-st_idx:192
ed_idx-st_idx:192
A Bid(1056)
A Bid(3040)
A Bid(4096)
A Bid(5152)
A Bid(7136)
A Bid(8192)
A Bid(idn7=12288)
A 2
=======kspSolve start======
=======kspSolve start======
ed_idx-st_idx:192
ed_idx-st_idx:192
ed_idx-st_idx:192
=======kspSolve start======
=======kspSolve start======
=======kspSolve start======
ed_idx-st_idx:192
ed_idx-st_idx:192
=======kspSolve start======
=======kspSolve start======
ed_idx-st_idx:192
=======kspSolve start======
V2+P solve time(MPI):9.838286 
Memory Usage after allocation: 190460 KB
Memory Usage after allocation: 180164 KB
Memory Usage after allocation: 187128 KB
Memory Usage after allocation: 187008 KB
Memory Usage after allocation: 185760 KB
Memory Usage after allocation: 181896 KB
Memory Usage after allocation: 186140 KB
Memory Usage after allocation: 195980 KB
Memory Usage after allocation: 194764 KB
Memory Usage after allocation: 193460 KB
Memory Usage after allocation: 190292 KB
Memory Usage after allocation: 193564 KB
Memory Usage after allocation: 213596 KB
Memory Usage after allocation: 191568 KB
Memory Usage after allocation: 185976 KB
Memory Usage after allocation: 186512 KB
Memory Usage after allocation: 163672 KB
Memory Usage after allocation: 185556 KB
Memory Usage after allocation: 192344 KB
Memory Usage after allocation: 210140 KB
Memory Usage after allocation: 177156 KB
Memory Usage after allocation: 191552 KB
Memory Usage after allocation: 188316 KB
Memory Usage after allocation: 206240 KB
Memory Usage after allocation: 211224 KB
Memory Usage after allocation: 191536 KB
Memory Usage after allocation: 186768 KB
Memory Usage after allocation: 217832 KB
Memory Usage after allocation: 219656 KB
Memory Usage after allocation: 205872 KB
Memory Usage after allocation: 207476 KB
Memory Usage after allocation: 177108 KB
Memory Usage after allocation: 189056 KB
Memory Usage after allocation: 213172 KB
Memory Usage after allocation: 189632 KB
Memory Usage after allocation: 193872 KB
Memory Usage after allocation: 166440 KB
Memory Usage after allocation: 193580 KB
Memory Usage after allocation: 185728 KB
Memory Usage after allocation: 201556 KB
Memory Usage after allocation: 191908 KB
Memory Usage after allocation: 207264 KB
Memory Usage after allocation: 189872 KB
Memory Usage after allocation: 186068 KB
Memory Usage after allocation: 250072 KB
Memory Usage after allocation: 188292 KB
Memory Usage after allocation: 178324 KB
Memory Usage after allocation: 199788 KB
Memory Usage after allocation: 206536 KB
Memory Usage after allocation: 184456 KB
Memory Usage after allocation: 213536 KB
Memory Usage after allocation: 199616 KB
Memory Usage after allocation: 192148 KB
Memory Usage after allocation: 185276 KB
Memory Usage after allocation: 196076 KB
Memory Usage after allocation: 206460 KB
Memory Usage after allocation: 173860 KB
Memory Usage after allocation: 181644 KB
Memory Usage after allocation: 210568 KB
Memory Usage after allocation: 196932 KB
Memory Usage after allocation: 232224 KB
Memory Usage after allocation: 183228 KB
Memory Usage after allocation: 218916 KB
start startrho fmodel.NX=32
s=1
V2+P solve time(MPI):8.785543 
Memory Usage after allocation: 185248 KB
Memory Usage after allocation: 187120 KB
Memory Usage after allocation: 167376 KB
Memory Usage after allocation: 173760 KB
Memory Usage after allocation: 191036 KB
Memory Usage after allocation: 184532 KB
Memory Usage after allocation: 187296 KB
Memory Usage after allocation: 186592 KB
Memory Usage after allocation: 177112 KB
Memory Usage after allocation: 185600 KB
Memory Usage after allocation: 186112 KB
Memory Usage after allocation: 183644 KB
Memory Usage after allocation: 210148 KB
Memory Usage after allocation: 192756 KB
Memory Usage after allocation: 163236 KB
Memory Usage after allocation: 211016 KB
Memory Usage after allocation: 209396 KB
Memory Usage after allocation: 212684 KB
Memory Usage after allocation: 210060 KB
Memory Usage after allocation: 190768 KB
Memory Usage after allocation: 207164 KB
Memory Usage after allocation: 190932 KB
Memory Usage after allocation: 187876 KB
Memory Usage after allocation: 206244 KB
Memory Usage after allocation: 204748 KB
Memory Usage after allocation: 191008 KB
Memory Usage after allocation: 190612 KB
Memory Usage after allocation: 198020 KB
Memory Usage after allocation: 166264 KB
Memory Usage after allocation: 209636 KB
Memory Usage after allocation: 204804 KB
Memory Usage after allocation: 177540 KB
Memory Usage after allocation: 249616 KB
Memory Usage after allocation: 171788 KB
Memory Usage after allocation: 208868 KB
Memory Usage after allocation: 213620 KB
Memory Usage after allocation: 190420 KB
Memory Usage after allocation: 178196 KB
Memory Usage after allocation: 186532 KB
Memory Usage after allocation: 249952 KB
Memory Usage after allocation: 188392 KB
Memory Usage after allocation: 166348 KB
Memory Usage after allocation: 208892 KB
Memory Usage after allocation: 166612 KB
Memory Usage after allocation: 196000 KB
Memory Usage after allocation: 218828 KB
Memory Usage after allocation: 186884 KB
Memory Usage after allocation: 172364 KB
Memory Usage after allocation: 198372 KB
Memory Usage after allocation: 209296 KB
Memory Usage after allocation: 187168 KB
Memory Usage after allocation: 211092 KB
Memory Usage after allocation: 200304 KB
Memory Usage after allocation: 212372 KB
Memory Usage after allocation: 185868 KB
Memory Usage after allocation: 201180 KB
Memory Usage after allocation: 195920 KB
Memory Usage after allocation: 197348 KB
Memory Usage after allocation: 200160 KB
Memory Usage after allocation: 235068 KB
Memory Usage after allocation: 168876 KB
Memory Usage after allocation: 191732 KB
Memory Usage after allocation: 187328 KB
start startrho fmodel.NX=32
s=6
start for循环
PhaseXX mid: 42.637172
PhaseXY mid: 45.933226
PhaseYX mid: 45.933226
PhaseYY mid: 42.637172
RseXX mid: 0.019499
RseXY mid: 47.736654
RseYX mid: 47.736654
RseYY mid: 0.019499
Memory Usage after allocation: 307284 KB
V2+P solve time(MPI):10.008277 
Memory Usage after allocation: 170200 KB
Memory Usage after allocation: 205020 KB
Memory Usage after allocation: 192100 KB
Memory Usage after allocation: 207960 KB
Memory Usage after allocation: 209644 KB
Memory Usage after allocation: 180432 KB
Memory Usage after allocation: 187356 KB
Memory Usage after allocation: 204852 KB
Memory Usage after allocation: 195356 KB
Memory Usage after allocation: 189024 KB
Memory Usage after allocation: 194112 KB
Memory Usage after allocation: 210596 KB
Memory Usage after allocation: 206072 KB
Memory Usage after allocation: 186716 KB
Memory Usage after allocation: 180412 KB
Memory Usage after allocation: 212868 KB
Memory Usage after allocation: 190580 KB
Memory Usage after allocation: 191560 KB
Memory Usage after allocation: 188316 KB
Memory Usage after allocation: 171780 KB
Memory Usage after allocation: 250028 KB
Memory Usage after allocation: 206388 KB
Memory Usage after allocation: 185924 KB
Memory Usage after allocation: 190248 KB
Memory Usage after allocation: 232356 KB
Memory Usage after allocation: 187304 KB
Memory Usage after allocation: 192624 KB
Memory Usage after allocation: 166152 KB
Memory Usage after allocation: 185232 KB
Memory Usage after allocation: 219884 KB
Memory Usage after allocation: 208716 KB
Memory Usage after allocation: 215036 KB
Memory Usage after allocation: 192524 KB
Memory Usage after allocation: 214196 KB
Memory Usage after allocation: 189332 KB
Memory Usage after allocation: 185468 KB
Memory Usage after allocation: 192720 KB
Memory Usage after allocation: 168296 KB
Memory Usage after allocation: 191520 KB
Memory Usage after allocation: 192276 KB
Memory Usage after allocation: 202896 KB
Memory Usage after allocation: 171928 KB
Memory Usage after allocation: 166600 KB
Memory Usage after allocation: 183436 KB
Memory Usage after allocation: 199020 KB
Memory Usage after allocation: 202476 KB
Memory Usage after allocation: 215688 KB
Memory Usage after allocation: 191652 KB
Memory Usage after allocation: 218048 KB
Memory Usage after allocation: 219248 KB
Memory Usage after allocation: 198296 KB
Memory Usage after allocation: 185536 KB
Memory Usage after allocation: 196044 KB
Memory Usage after allocation: 210288 KB
Memory Usage after allocation: 186648 KB
Memory Usage after allocation: 252912 KB
Memory Usage after allocation: 203836 KB
Memory Usage after allocation: 191472 KB
Memory Usage after allocation: 213308 KB
Memory Usage after allocation: 194304 KB
Memory Usage after allocation: 218076 KB
Memory Usage after allocation: 214540 KB
Memory Usage after allocation: 187280 KB
start startrho fmodel.NX=32
s=4
V2+P solve time(MPI):9.061531 
Memory Usage after allocation: 201096 KB
Memory Usage after allocation: 163744 KB
Memory Usage after allocation: 190220 KB
Memory Usage after allocation: 187904 KB
Memory Usage after allocation: 192496 KB
Memory Usage after allocation: 212164 KB
Memory Usage after allocation: 204912 KB
Memory Usage after allocation: 185716 KB
Memory Usage after allocation: 218500 KB
Memory Usage after allocation: 188912 KB
Memory Usage after allocation: 205764 KB
Memory Usage after allocation: 189044 KB
Memory Usage after allocation: 189572 KB
Memory Usage after allocation: 213876 KB
Memory Usage after allocation: 192120 KB
Memory Usage after allocation: 170432 KB
Memory Usage after allocation: 187072 KB
Memory Usage after allocation: 196792 KB
Memory Usage after allocation: 185920 KB
Memory Usage after allocation: 193072 KB
Memory Usage after allocation: 181584 KB
Memory Usage after allocation: 184880 KB
Memory Usage after allocation: 188416 KB
Memory Usage after allocation: 200364 KB
Memory Usage after allocation: 208796 KB
Memory Usage after allocation: 175268 KB
Memory Usage after allocation: 168012 KB
Memory Usage after allocation: 190100 KB
Memory Usage after allocation: 197376 KB
Memory Usage after allocation: 190240 KB
Memory Usage after allocation: 180280 KB
Memory Usage after allocation: 185428 KB
Memory Usage after allocation: 209856 KB
Memory Usage after allocation: 188520 KB
Memory Usage after allocation: 169508 KB
Memory Usage after allocation: 210896 KB
Memory Usage after allocation: 201264 KB
Memory Usage after allocation: 193004 KB
Memory Usage after allocation: 192204 KB
Memory Usage after allocation: 178296 KB
Memory Usage after allocation: 185552 KB
Memory Usage after allocation: 192428 KB
Memory Usage after allocation: 185500 KB
Memory Usage after allocation: 168472 KB
Memory Usage after allocation: 184912 KB
Memory Usage after allocation: 214644 KB
Memory Usage after allocation: 206672 KB
Memory Usage after allocation: 214448 KB
Memory Usage after allocation: 187904 KB
Memory Usage after allocation: 211836 KB
Memory Usage after allocation: 201712 KB
Memory Usage after allocation: 195880 KB
Memory Usage after allocation: 187044 KB
Memory Usage after allocation: 202416 KB
Memory Usage after allocation: 196364 KB
Memory Usage after allocation: 200452 KB
Memory Usage after allocation: 192476 KB
Memory Usage after allocation: 200116 KB
Memory Usage after allocation: 200196 KB
Memory Usage after allocation: 191456 KB
Memory Usage after allocation: 179328 KB
Memory Usage after allocation: 183720 KB
Memory Usage after allocation: 231716 KB
start startrho fmodel.NX=32
s=2
start for循环
start for循环
PhaseXX mid: 41.145575
PhaseXY mid: 46.411408
PhaseYX mid: 46.411408
PhaseYY mid: 41.145575
RseXX mid: 0.018629
RseXY mid: 48.708445
RseYX mid: 48.708445
RseYY mid: 0.018629
Memory Usage after allocation: 201152 KB
PhaseXX mid: 40.371303
PhaseXY mid: 46.633404
PhaseYX mid: 46.633404
PhaseYY mid: 40.371303
RseXX mid: 0.018209
RseXY mid: 49.198044
RseYX mid: 49.198044
RseYY mid: 0.018209
Memory Usage after allocation: 199448 KB

Other  not happen.
V2+P solve time(MPI):10.448846 
Memory Usage after allocation: 272988 KB
Memory Usage after allocation: 183416 KB
Memory Usage after allocation: 205828 KB
Memory Usage after allocation: 163076 KB
Memory Usage after allocation: 191444 KB
Memory Usage after allocation: 204616 KB
Memory Usage after allocation: 167756 KB
Memory Usage after allocation: 173484 KB
Memory Usage after allocation: 192356 KB
Memory Usage after allocation: 187196 KB
Memory Usage after allocation: 210200 KB
Memory Usage after allocation: 185044 KB
Memory Usage after allocation: 191416 KB
Memory Usage after allocation: 189536 KB
Memory Usage after allocation: 213068 KB
Memory Usage after allocation: 209028 KB
Memory Usage after allocation: 190760 KB
Memory Usage after allocation: 219032 KB
Memory Usage after allocation: 229380 KB
Memory Usage after allocation: 183308 KB
Memory Usage after allocation: 186640 KB
Memory Usage after allocation: 192796 KB
Memory Usage after allocation: 189752 KB
Memory Usage after allocation: 206192 KB
Memory Usage after allocation: 190340 KB
Memory Usage after allocation: 193900 KB
Memory Usage after allocation: 188000 KB
Memory Usage after allocation: 186168 KB
Memory Usage after allocation: 163432 KB
Memory Usage after allocation: 192896 KB
Memory Usage after allocation: 185080 KB
Memory Usage after allocation: 213284 KB
Memory Usage after allocation: 192868 KB
Memory Usage after allocation: 181732 KB
Memory Usage after allocation: 206784 KB
Memory Usage after allocation: 173992 KB
Memory Usage after allocation: 188420 KB
Memory Usage after allocation: 190068 KB
Memory Usage after allocation: 172340 KB
Memory Usage after allocation: 207368 KB
Memory Usage after allocation: 217660 KB
Memory Usage after allocation: 190572 KB
Memory Usage after allocation: 194820 KB
Memory Usage after allocation: 168716 KB
Memory Usage after allocation: 193120 KB
Memory Usage after allocation: 218568 KB
Memory Usage after allocation: 206088 KB
Memory Usage after allocation: 184380 KB
Memory Usage after allocation: 190632 KB
Memory Usage after allocation: 202436 KB
Memory Usage after allocation: 239392 KB
Memory Usage after allocation: 200244 KB
Memory Usage after allocation: 192220 KB
Memory Usage after allocation: 183120 KB
Memory Usage after allocation: 196488 KB
Memory Usage after allocation: 188140 KB
Memory Usage after allocation: 191472 KB
Memory Usage after allocation: 164836 KB
Memory Usage after allocation: 218804 KB
Memory Usage after allocation: 198216 KB
Memory Usage after allocation: 182084 KB
Memory Usage after allocation: 208108 KB
Memory Usage after allocation: 204904 KB
start startrho fmodel.NX=32
s=0
start for循环
PhaseXX mid: 42.070343
PhaseXY mid: 46.123527
PhaseYX mid: 46.123527
PhaseYY mid: 42.070343
RseXX mid: 0.019159
RseXY mid: 48.111317
RseYX mid: 48.111317
RseYY mid: 0.019159
Memory Usage after allocation: 277424 KB
V2+P solve time(MPI):8.900120 
Memory Usage after allocation: 191320 KB
Memory Usage after allocation: 237940 KB
Memory Usage after allocation: 186532 KB
Memory Usage after allocation: 174980 KB
Memory Usage after allocation: 203564 KB
Memory Usage after allocation: 188192 KB
Memory Usage after allocation: 174824 KB
Memory Usage after allocation: 191448 KB
Memory Usage after allocation: 188160 KB
Memory Usage after allocation: 218728 KB
Memory Usage after allocation: 195892 KB
Memory Usage after allocation: 186220 KB
Memory Usage after allocation: 208652 KB
Memory Usage after allocation: 186936 KB
Memory Usage after allocation: 164896 KB
Memory Usage after allocation: 188540 KB
Memory Usage after allocation: 172420 KB
Memory Usage after allocation: 187388 KB
Memory Usage after allocation: 205176 KB
Memory Usage after allocation: 204104 KB
Memory Usage after allocation: 169932 KB
Memory Usage after allocation: 198044 KB
Memory Usage after allocation: 164800 KB
Memory Usage after allocation: 191976 KB
Memory Usage after allocation: 203292 KB
Memory Usage after allocation: 196484 KB
Memory Usage after allocation: 190148 KB
Memory Usage after allocation: 211628 KB
Memory Usage after allocation: 206020 KB
Memory Usage after allocation: 210336 KB
Memory Usage after allocation: 214368 KB
Memory Usage after allocation: 208356 KB
Memory Usage after allocation: 195100 KB
Memory Usage after allocation: 192912 KB
Memory Usage after allocation: 191424 KB
Memory Usage after allocation: 173100 KB
Memory Usage after allocation: 184416 KB
Memory Usage after allocation: 163680 KB
Memory Usage after allocation: 185416 KB
Memory Usage after allocation: 190528 KB
Memory Usage after allocation: 219140 KB
Memory Usage after allocation: 221132 KB
Memory Usage after allocation: 212404 KB
Memory Usage after allocation: 207968 KB
Memory Usage after allocation: 167928 KB
Memory Usage after allocation: 208140 KB
Memory Usage after allocation: 169284 KB
Memory Usage after allocation: 191244 KB
Memory Usage after allocation: 219696 KB
Memory Usage after allocation: 195600 KB
Memory Usage after allocation: 192496 KB
Memory Usage after allocation: 196404 KB
Memory Usage after allocation: 206488 KB
Memory Usage after allocation: 190368 KB
Memory Usage after allocation: 198700 KB
Memory Usage after allocation: 162288 KB
Memory Usage after allocation: 185856 KB
Memory Usage after allocation: 196596 KB
Memory Usage after allocation: 201416 KB
Memory Usage after allocation: 191568 KB
Memory Usage after allocation: 210084 KB
Memory Usage after allocation: 192988 KB
Memory Usage after allocation: 188344 KB
start startrho fmodel.NX=32
s=5
start for循环
PhaseXX mid: 43.355515
PhaseXY mid: 45.673842
PhaseYX mid: 45.673842
PhaseYY mid: 43.355515
RseXX mid: 0.019950
RseXY mid: 47.250341
RseYX mid: 47.250341
RseYY mid: 0.019950
Memory Usage after allocation: 201940 KB
start for循环
PhaseXX mid: 40.744731
PhaseXY mid: 46.528397
PhaseYX mid: 46.528397
PhaseYY mid: 40.744731
RseXX mid: 0.018409
RseXY mid: 48.962915
RseYX mid: 48.962915
RseYY mid: 0.018409
Memory Usage after allocation: 218148 KB
V2+P solve time(MPI):9.443834 
Memory Usage after allocation: 162236 KB
Memory Usage after allocation: 206412 KB
Memory Usage after allocation: 206764 KB
Memory Usage after allocation: 194516 KB
Memory Usage after allocation: 190444 KB
Memory Usage after allocation: 185116 KB
Memory Usage after allocation: 209884 KB
Memory Usage after allocation: 193400 KB
Memory Usage after allocation: 213780 KB
Memory Usage after allocation: 187928 KB
Memory Usage after allocation: 190304 KB
Memory Usage after allocation: 193812 KB
Memory Usage after allocation: 185192 KB
Memory Usage after allocation: 183980 KB
Memory Usage after allocation: 177692 KB
Memory Usage after allocation: 210940 KB
Memory Usage after allocation: 183856 KB
Memory Usage after allocation: 193028 KB
Memory Usage after allocation: 206168 KB
Memory Usage after allocation: 192972 KB
Memory Usage after allocation: 190400 KB
Memory Usage after allocation: 210452 KB
Memory Usage after allocation: 205356 KB
Memory Usage after allocation: 206680 KB
Memory Usage after allocation: 208096 KB
Memory Usage after allocation: 192580 KB
Memory Usage after allocation: 190708 KB
Memory Usage after allocation: 209380 KB
Memory Usage after allocation: 185328 KB
Memory Usage after allocation: 190716 KB
Memory Usage after allocation: 170396 KB
Memory Usage after allocation: 195672 KB
Memory Usage after allocation: 185436 KB
Memory Usage after allocation: 166040 KB
Memory Usage after allocation: 239344 KB
Memory Usage after allocation: 218556 KB
Memory Usage after allocation: 186748 KB
Memory Usage after allocation: 192876 KB
Memory Usage after allocation: 203756 KB
Memory Usage after allocation: 182668 KB
Memory Usage after allocation: 217216 KB
Memory Usage after allocation: 220716 KB
Memory Usage after allocation: 188712 KB
Memory Usage after allocation: 196240 KB
Memory Usage after allocation: 204776 KB
Memory Usage after allocation: 214448 KB
Memory Usage after allocation: 188260 KB
Memory Usage after allocation: 190896 KB
Memory Usage after allocation: 185644 KB
Memory Usage after allocation: 213528 KB
Memory Usage after allocation: 173132 KB
Memory Usage after allocation: 190252 KB
Memory Usage after allocation: 217884 KB
Memory Usage after allocation: 219296 KB
Memory Usage after allocation: 165444 KB
Memory Usage after allocation: 204952 KB
Memory Usage after allocation: 192676 KB
Memory Usage after allocation: 212236 KB
Memory Usage after allocation: 219788 KB
Memory Usage after allocation: 217140 KB
Memory Usage after allocation: 218984 KB
Memory Usage after allocation: 174520 KB
Memory Usage after allocation: 186224 KB
start startrho fmodel.NX=32
s=3
start for循环
PhaseXX mid: 41.582574
PhaseXY mid: 46.278622
PhaseYX mid: 46.278622
PhaseYY mid: 41.582574
RseXX mid: 0.018876
RseXY mid: 48.428201
RseYX mid: 48.428201
RseYY mid: 0.018876
Memory Usage after allocation: 218356 KB
V2+P solve time(MPI):11.632683 
Memory Usage after allocation: 205452 KB
Memory Usage after allocation: 186256 KB
Memory Usage after allocation: 208252 KB
Memory Usage after allocation: 204056 KB
Memory Usage after allocation: 192820 KB
Memory Usage after allocation: 185900 KB
Memory Usage after allocation: 189684 KB
Memory Usage after allocation: 191176 KB
Memory Usage after allocation: 183936 KB
Memory Usage after allocation: 190432 KB
Memory Usage after allocation: 247512 KB
Memory Usage after allocation: 188040 KB
Memory Usage after allocation: 207908 KB
Memory Usage after allocation: 193900 KB
Memory Usage after allocation: 188520 KB
Memory Usage after allocation: 184840 KB
Memory Usage after allocation: 187876 KB
Memory Usage after allocation: 207288 KB
Memory Usage after allocation: 216740 KB
Memory Usage after allocation: 190332 KB
Memory Usage after allocation: 187820 KB
Memory Usage after allocation: 184676 KB
Memory Usage after allocation: 192644 KB
Memory Usage after allocation: 189860 KB
Memory Usage after allocation: 163420 KB
Memory Usage after allocation: 191168 KB
Memory Usage after allocation: 188612 KB
Memory Usage after allocation: 193280 KB
Memory Usage after allocation: 169856 KB
Memory Usage after allocation: 190272 KB
Memory Usage after allocation: 219008 KB
Memory Usage after allocation: 183748 KB
Memory Usage after allocation: 202696 KB
Memory Usage after allocation: 214204 KB
Memory Usage after allocation: 193592 KB
Memory Usage after allocation: 174748 KB
Memory Usage after allocation: 218488 KB
Memory Usage after allocation: 187948 KB
Memory Usage after allocation: 199260 KB
Memory Usage after allocation: 209308 KB
Memory Usage after allocation: 172736 KB
Memory Usage after allocation: 185824 KB
Memory Usage after allocation: 184228 KB
Memory Usage after allocation: 191260 KB
Memory Usage after allocation: 193528 KB
Memory Usage after allocation: 190612 KB
Memory Usage after allocation: 204896 KB
Memory Usage after allocation: 195944 KB
Memory Usage after allocation: 186200 KB
Memory Usage after allocation: 205472 KB
Memory Usage after allocation: 212268 KB
Memory Usage after allocation: 178296 KB
Memory Usage after allocation: 207776 KB
Memory Usage after allocation: 220344 KB
Memory Usage after allocation: 201844 KB
Memory Usage after allocation: 196304 KB
Memory Usage after allocation: 219148 KB
Memory Usage after allocation: 216748 KB
Memory Usage after allocation: 200476 KB
Memory Usage after allocation: 201276 KB
Memory Usage after allocation: 228612 KB
Memory Usage after allocation: 198112 KB
Memory Usage after allocation: 203784 KB
start startrho fmodel.NX=32
s=7
start for循环
PhaseXX mid: 40.019567
PhaseXY mid: 46.728888
PhaseYX mid: 46.728888
PhaseYY mid: 40.019567
RseXX mid: 0.018024
RseXY mid: 49.417988
RseYX mid: 49.417988
RseYY mid: 0.018024
Memory Usage after allocation: 199972 KB
===fmodel time(MPI):19.183135 seconds
