Initial Memory Usage: 8288 KB
Initial Memory Usage: 8152 KB
Initial Memory Usage: 8212 KB
Initial Memory Usage: 8084 KB
Initial Memory Usage: 8084 KB
Initial Memory Usage: 8080 KB
Initial Memory Usage: 8100 KB
Initial Memory Usage: 8176 KB
Initial Memory Usage: 8064 KB
Initial Memory Usage: 7996 KB
Initial Memory Usage: 8048 KB
Initial Memory Usage: 7956 KB
Initial Memory Usage: 8208 KB
Initial Memory Usage: 8084 KB
Initial Memory Usage: 8004 KB
Initial Memory Usage: 8084 KB
Initial Memory Usage: 7992 KB
Initial Memory Usage: 7860 KB
Initial Memory Usage: 7892 KB
Initial Memory Usage: 8068 KB
Initial Memory Usage: 8088 KB
Initial Memory Usage: 8076 KB
Initial Memory Usage: 8024 KB
Initial Memory Usage: 7988 KB
Initial Memory Usage: 8016 KB
Initial Memory Usage: 8100 KB
Initial Memory Usage: 7924 KB
Initial Memory Usage: 8004 KB
Initial Memory Usage: 7992 KB
Initial Memory Usage: 7988 KB
Initial Memory Usage: 8072 KB
Initial Memory Usage: 7904 KB
Initial Memory Usage: 8228 KB
Initial Memory Usage: 8016 KB
Initial Memory Usage: 8168 KB
Initial Memory Usage: 8076 KB
Initial Memory Usage: 8172 KB
Initial Memory Usage: 8092 KB
Initial Memory Usage: 8060 KB
Initial Memory Usage: 8160 KB
Initial Memory Usage: 8084 KB
Initial Memory Usage: 8052 KB
Initial Memory Usage: 8096 KB
Initial Memory Usage: 8188 KB
Initial Memory Usage: 8104 KB
Initial Memory Usage: 8116 KB
Initial Memory Usage: 8168 KB
Initial Memory Usage: 8096 KB
Initial Memory Usage: 8084 KB
Initial Memory Usage: 7944 KB
Initial Memory Usage: 8024 KB
Initial Memory Usage: 8036 KB
Initial Memory Usage: 8012 KB
Initial Memory Usage: 8028 KB
Initial Memory Usage: 7856 KB
Initial Memory Usage: 8080 KB
Initial Memory Usage: 8064 KB
Initial Memory Usage: 8060 KB
Initial Memory Usage: 8076 KB
Initial Memory Usage: 7948 KB
Initial Memory Usage: 7920 KB
Initial Memory Usage: 8044 KB
Initial Memory Usage: 8088 KB
Initial Memory Usage: 7956 KB
Initial Memory Usage: 8116 KB
Initial Memory Usage: 8088 KB
Initial Memory Usage: 8132 KB
Initial Memory Usage: 7912 KB
Initial Memory Usage: 8168 KB
Initial Memory Usage: 8100 KB
Initial Memory Usage: 8080 KB
Initial Memory Usage: 8172 KB
Initial Memory Usage: 8012 KB
Initial Memory Usage: 8016 KB
Initial Memory Usage: 7996 KB
Initial Memory Usage: 8088 KB
Initial Memory Usage: 8000 KB
Initial Memory Usage: 7996 KB
Initial Memory Usage: 8004 KB
Initial Memory Usage: 8060 KB
Initial Memory Usage: 7952 KB
Initial Memory Usage: 8116 KB
Initial Memory Usage: 8100 KB
Initial Memory Usage: 8056 KB
Initial Memory Usage: 7956 KB
Initial Memory Usage: 7892 KB
Initial Memory Usage: 8068 KB
Initial Memory Usage: 8292 KB
Initial Memory Usage: 8064 KB
Initial Memory Usage: 8024 KB
Initial Memory Usage: 8092 KB
Initial Memory Usage: 8000 KB
Initial Memory Usage: 8064 KB
Initial Memory Usage: 8044 KB
Initial Memory Usage: 8020 KB
Initial Memory Usage: 8092 KB
Initial Memory Usage: 8020 KB
Initial Memory Usage: 8024 KB
Initial Memory Usage: 8096 KB
Initial Memory Usage: 8076 KB
Initial Memory Usage: 8000 KB
Initial Memory Usage: 8036 KB
Initial Memory Usage: 7992 KB
Initial Memory Usage: 8040 KB
Initial Memory Usage: 7936 KB
Initial Memory Usage: 8068 KB
Initial Memory Usage: 8068 KB
Initial Memory Usage: 8028 KB
Initial Memory Usage: 8076 KB
Initial Memory Usage: 8032 KB
Initial Memory Usage: 8144 KB
Initial Memory Usage: 7988 KB
Initial Memory Usage: 8072 KB
Initial Memory Usage: 7952 KB
Initial Memory Usage: 7940 KB
Initial Memory Usage: 8032 KB
Initial Memory Usage: 8096 KB
Initial Memory Usage: 8012 KB
Initial Memory Usage: 7996 KB
Initial Memory Usage: 8088 KB
Initial Memory Usage: 8004 KB
Initial Memory Usage: 7856 KB
Initial Memory Usage: 7880 KB
Initial Memory Usage: 7928 KB
Initial Memory Usage: 7844 KB
Initial Memory Usage: 7980 KB
Initial Memory Usage: 7876 KB
Initial Memory Usage: 8096 KB
Freq=0  rank=0 f[Freq]=0.125000
start fmodel
Freq=1  rank=0 f[Freq]=0.250000
start fmodel
Freq=2  rank=0 f[Freq]=0.375000
start fmodel
Freq=3  rank=0 f[Freq]=0.500000
start fmodel
Freq=4  rank=0 f[Freq]=0.625000
start fmodel
Freq=5  rank=0 f[Freq]=0.750000
start fmodel
Freq=6  rank=0 f[Freq]=0.875000
start fmodel
Freq=7  rank=0 f[Freq]=1.000000
start fmodel
开始计算v0
开始计算v0
开始计算v0
开始计算v0
开始计算v0
开始计算v0
开始计算v0
开始计算v0
_v0_time=0.481439
_v0_time=0.481968
_v0_time=0.482662
_v0_time=0.486098
_v0_time=0.486620
_v0_time=0.496837
_v0_time=0.497601
_v0_time=0.518294
ed_idx-st_idx:768
ed_idx-st_idx:768
A Bid(1056)
A Bid(3040)
A Bid(4096)
A Bid(5152)
A Bid(7136)
A Bid(8192)
A Bid(idn7=12288)
A 2
ed_idx-st_idx:768
ed_idx-st_idx:768
ed_idx-st_idx:768
ed_idx-st_idx:768
ed_idx-st_idx:768
=======kspSolve start======
ed_idx-st_idx:768
=======kspSolve start======
=======kspSolve start======
=======kspSolve start======
=======kspSolve start======
=======kspSolve start======
=======kspSolve start======
=======kspSolve start======
V1+P solve time(MPI):9.272780 
countbuf=0
V1+P solve time(MPI):9.365129 
countbuf=0
V1+P solve time(MPI):9.441583 
countbuf=0
V1+P solve time(MPI):9.467387 
countbuf=0
V1+P solve time(MPI):9.523674 
countbuf=0
V1+P solve time(MPI):9.600485 
countbuf=0

Other  not happen.
V1+P solve time(MPI):10.539692 
countbuf=0
V1+P solve time(MPI):10.746141 
countbuf=0
EpyBstart=6
EpyBstart=6
EpyBstart=6
EpyBstart=6
EpyBstart=6
EpyBstart=6
EpyBstart=6
EpyBstart=6
EpyBstart=6
EpyBstart=6
EpyBstart=6
EpyBstart=6
EpyBstart=6
EpyBstart=6
EpyBstart=6
EpyBstart=6
EpyBstart=6
EpyBstart=6
EpyBstart=6
EpyBstart=6
EpyBstart=6
EpyBstart=6
EpyBstart=6
EpyBstart=6
EpyBstart=6
EpyBstart=6
EpyBstart=6
EpyBstart=6
EpyBstart=6
EpyBstart=6
EpyBstart=6
EpyBstart=6
EpyBstart=6
EpyBstart=6
EpyBstart=6
EpyBstart=6
EpyBstart=6
EpyBstart=6
EpyBstart=6
EpyBstart=6
EpyBstart=6
EpyBstart=6
EpyBstart=6
EpyBstart=6
EpyBstart=6
EpyBstart=6
EpyBstart=6
EpyBstart=6
EpyBstart=6
EpyBstart=6
EpyBstart=6
EpyBstart=6
EpyBstart=6
EpyBstart=6
EpyBstart=6
EpyBstart=6
EpyBstart=6
EpyBstart=6
EpyBstart=6
EpyBstart=6
EpyBstart=6
EpyBstart=6
EpyBstart=6
EpyBstart=6
EpyBstart=6
EpyBstart=6
EpyBstart=6
EpyBstart=6
EpyBstart=6
EpyBstart=6
EpyBstart=6
EpyBstart=6
EpyBstart=6
EpyBstart=6
EpyBstart=6
EpyBstart=6
EpyBstart=6
EpyBstart=6
EpyBstart=6
EpyBstart=6
EpyBstart=6
EpyBstart=6
EpyBstart=6
EpyBstart=6
EpyBstart=6
EpyBstart=6
EpyBstart=6
EpyBstart=6
EpyBstart=6
EpyBstart=6
EpyBstart=6
EpyBstart=6
EpyBstart=6
EpyBstart=6
EpyBstart=6
EpyBstart=6
EpyBstart=6
EpyBstart=6
EpyBstart=6
EpyBstart=6
EpyBstart=6
EpyBstart=6
EpyBstart=6
EpyBstart=6
EpyBstart=6
EpyBstart=6
EpyBstart=6
EpyBstart=6
EpyBstart=6
EpyBstart=6
EpyBstart=6
EpyBstart=6
EpyBstart=6
EpyBstart=6
EpyBstart=6
EpyBstart=6
EpyBstart=6
EpyBstart=6
EpyBstart=6
EpyBstart=6
EpyBstart=6
EpyBstart=6
EpyBstart=6
EpyBstart=6
EpyBstart=6
EpyBstart=6
EpyBstart=6
EpyBstart=6
ed_idx-st_idx:768
ed_idx-st_idx:768
=======kspSolve start======
ed_idx-st_idx:768
ed_idx-st_idx:768
=======kspSolve start======
=======kspSolve start======
=======kspSolve start======
A Bid(1056)
A Bid(3040)
A Bid(4096)
A Bid(5152)
A Bid(7136)
A Bid(8192)
A Bid(idn7=12288)
A 2
ed_idx-st_idx:768
ed_idx-st_idx:768
ed_idx-st_idx:768
ed_idx-st_idx:768
=======kspSolve start======
=======kspSolve start======
=======kspSolve start======
=======kspSolve start======
V2+P solve time(MPI):10.673335 
Memory Usage after allocation: 333428 KB
Memory Usage after allocation: 327312 KB
Memory Usage after allocation: 312748 KB
Memory Usage after allocation: 354276 KB
Memory Usage after allocation: 327068 KB
Memory Usage after allocation: 326688 KB
Memory Usage after allocation: 351860 KB
Memory Usage after allocation: 345848 KB
Memory Usage after allocation: 338564 KB
Memory Usage after allocation: 319788 KB
Memory Usage after allocation: 327124 KB
Memory Usage after allocation: 320732 KB
Memory Usage after allocation: 325284 KB
Memory Usage after allocation: 330708 KB
Memory Usage after allocation: 324096 KB
start startrho fmodel.NX=32
s=2
V2+P solve time(MPI):10.793442 
Memory Usage after allocation: 352372 KB
Memory Usage after allocation: 352024 KB
Memory Usage after allocation: 334396 KB
Memory Usage after allocation: 326028 KB
Memory Usage after allocation: 336952 KB
Memory Usage after allocation: 349344 KB
Memory Usage after allocation: 354128 KB
Memory Usage after allocation: 327308 KB
Memory Usage after allocation: 341960 KB
Memory Usage after allocation: 308176 KB
Memory Usage after allocation: 342620 KB
Memory Usage after allocation: 349324 KB
Memory Usage after allocation: 326136 KB
Memory Usage after allocation: 373184 KB
Memory Usage after allocation: 323924 KB
start startrho fmodel.NX=32
s=4
V2+P solve time(MPI):10.526776 
Memory Usage after allocation: 350012 KB
Memory Usage after allocation: 325704 KB
Memory Usage after allocation: 327608 KB
Memory Usage after allocation: 337088 KB
Memory Usage after allocation: 353452 KB
Memory Usage after allocation: 322216 KB
Memory Usage after allocation: 315180 KB
Memory Usage after allocation: 348144 KB
Memory Usage after allocation: 327964 KB
Memory Usage after allocation: 312876 KB
Memory Usage after allocation: 337456 KB
Memory Usage after allocation: 341908 KB
Memory Usage after allocation: 351048 KB
Memory Usage after allocation: 328676 KB
Memory Usage after allocation: 346912 KB
start startrho fmodel.NX=32
s=1

Other  not happen.
V2+P solve time(MPI):9.615691 
Memory Usage after allocation: 333232 KB
Memory Usage after allocation: 320724 KB
Memory Usage after allocation: 378364 KB
Memory Usage after allocation: 347204 KB
Memory Usage after allocation: 349700 KB
Memory Usage after allocation: 367228 KB
Memory Usage after allocation: 350680 KB
Memory Usage after allocation: 338508 KB
Memory Usage after allocation: 331272 KB
Memory Usage after allocation: 325592 KB
Memory Usage after allocation: 323796 KB
Memory Usage after allocation: 315396 KB
Memory Usage after allocation: 349152 KB
Memory Usage after allocation: 321332 KB
Memory Usage after allocation: 323284 KB
start startrho fmodel.NX=32
s=0
start for循环
PhaseXX mid: 42.637172
PhaseXY mid: 45.933226
PhaseYX mid: 45.933226
PhaseYY mid: 42.637172
RseXX mid: 0.019499
RseXY mid: 47.736654
RseYX mid: 47.736654
RseYY mid: 0.019499
Memory Usage after allocation: 354768 KB
V2+P solve time(MPI):10.794564 
Memory Usage after allocation: 325832 KB
Memory Usage after allocation: 355984 KB
Memory Usage after allocation: 321612 KB
Memory Usage after allocation: 351328 KB
Memory Usage after allocation: 355316 KB
Memory Usage after allocation: 320360 KB
Memory Usage after allocation: 324672 KB
Memory Usage after allocation: 339676 KB
Memory Usage after allocation: 311640 KB
Memory Usage after allocation: 313572 KB
Memory Usage after allocation: 331096 KB
Memory Usage after allocation: 376816 KB
Memory Usage after allocation: 316252 KB
Memory Usage after allocation: 349116 KB
Memory Usage after allocation: 347500 KB
start startrho fmodel.NX=32
s=6
V2+P solve time(MPI):10.830127 
Memory Usage after allocation: 355704 KB
Memory Usage after allocation: 351164 KB
Memory Usage after allocation: 312412 KB
Memory Usage after allocation: 316612 KB
Memory Usage after allocation: 341624 KB
Memory Usage after allocation: 351760 KB
Memory Usage after allocation: 325260 KB
Memory Usage after allocation: 315748 KB
Memory Usage after allocation: 329152 KB
Memory Usage after allocation: 309956 KB
Memory Usage after allocation: 347396 KB
Memory Usage after allocation: 352132 KB
Memory Usage after allocation: 350856 KB
Memory Usage after allocation: 376424 KB
Memory Usage after allocation: 331308 KB
start startrho fmodel.NX=32
s=7
start for循环
PhaseXX mid: 41.145575
PhaseXY mid: 46.411408
PhaseYX mid: 46.411408
PhaseYY mid: 41.145575
RseXX mid: 0.018629
RseXY mid: 48.708445
RseYX mid: 48.708445
RseYY mid: 0.018629
Memory Usage after allocation: 354876 KB
start for循环
PhaseXX mid: 43.355515
PhaseXY mid: 45.673842
PhaseYX mid: 45.673842
PhaseYY mid: 43.355515
RseXX mid: 0.019950
RseXY mid: 47.250341
RseYX mid: 47.250341
RseYY mid: 0.019950
Memory Usage after allocation: 395100 KB
start for循环
PhaseXX mid: 40.019567
PhaseXY mid: 46.728888
PhaseYX mid: 46.728888
PhaseYY mid: 40.019567
RseXX mid: 0.018024
RseXY mid: 49.417988
RseYX mid: 49.417988
RseYY mid: 0.018024
Memory Usage after allocation: 370340 KB
V2+P solve time(MPI):9.847341 
Memory Usage after allocation: 311612 KB
Memory Usage after allocation: 312876 KB
Memory Usage after allocation: 317960 KB
Memory Usage after allocation: 337100 KB
Memory Usage after allocation: 325684 KB
Memory Usage after allocation: 325868 KB
Memory Usage after allocation: 324700 KB
Memory Usage after allocation: 317424 KB
Memory Usage after allocation: 323516 KB
Memory Usage after allocation: 321504 KB
Memory Usage after allocation: 355232 KB
Memory Usage after allocation: 374520 KB
Memory Usage after allocation: 327972 KB
Memory Usage after allocation: 327440 KB
Memory Usage after allocation: 353876 KB
start startrho fmodel.NX=32
s=5
start for循环
PhaseXX mid: 40.371303
PhaseXY mid: 46.633404
PhaseYX mid: 46.633404
PhaseYY mid: 40.371303
RseXX mid: 0.018209
RseXY mid: 49.198044
RseYX mid: 49.198044
RseYY mid: 0.018209
Memory Usage after allocation: 356112 KB
start for循环
PhaseXX mid: 42.070343
PhaseXY mid: 46.123527
PhaseYX mid: 46.123527
PhaseYY mid: 42.070343
RseXX mid: 0.019159
RseXY mid: 48.111317
RseYX mid: 48.111317
RseYY mid: 0.019159
Memory Usage after allocation: 418852 KB
V2+P solve time(MPI):11.315100 
Memory Usage after allocation: 321364 KB
Memory Usage after allocation: 351128 KB
Memory Usage after allocation: 323840 KB
Memory Usage after allocation: 375648 KB
Memory Usage after allocation: 313748 KB
Memory Usage after allocation: 326036 KB
Memory Usage after allocation: 347100 KB
Memory Usage after allocation: 323336 KB
Memory Usage after allocation: 344724 KB
Memory Usage after allocation: 334640 KB
Memory Usage after allocation: 325972 KB
Memory Usage after allocation: 310768 KB
Memory Usage after allocation: 339108 KB
Memory Usage after allocation: 355548 KB
Memory Usage after allocation: 309936 KB
start startrho fmodel.NX=32
s=3
start for循环
PhaseXX mid: 41.582574
PhaseXY mid: 46.278622
PhaseYX mid: 46.278622
PhaseYY mid: 41.582574
RseXX mid: 0.018876
RseXY mid: 48.428201
RseYX mid: 48.428201
RseYY mid: 0.018876
Memory Usage after allocation: 371252 KB
start for循环
PhaseXX mid: 40.744731
PhaseXY mid: 46.528397
PhaseYX mid: 46.528397
PhaseYY mid: 40.744731
RseXX mid: 0.018409
RseXY mid: 48.962915
RseYX mid: 48.962915
RseYY mid: 0.018409
Memory Usage after allocation: 369016 KB
===fmodel time(MPI):21.052540 seconds
