Initial Memory Usage: 8068 KB
Initial Memory Usage: 8072 KB
Initial Memory Usage: 8084 KB
Initial Memory Usage: 7924 KB
Initial Memory Usage: 7968 KB
Initial Memory Usage: 8100 KB
Initial Memory Usage: 7956 KB
Initial Memory Usage: 7928 KB
Initial Memory Usage: 7948 KB
Initial Memory Usage: 8120 KB
Initial Memory Usage: 8020 KB
Initial Memory Usage: 8084 KB
Initial Memory Usage: 8072 KB
Initial Memory Usage: 8012 KB
Initial Memory Usage: 7992 KB
Initial Memory Usage: 8028 KB
Initial Memory Usage: 7948 KB
Initial Memory Usage: 7996 KB
Initial Memory Usage: 8000 KB
Initial Memory Usage: 8032 KB
Initial Memory Usage: 7920 KB
Initial Memory Usage: 8008 KB
Initial Memory Usage: 8084 KB
Initial Memory Usage: 8004 KB
Initial Memory Usage: 8028 KB
Initial Memory Usage: 8032 KB
Initial Memory Usage: 7992 KB
Initial Memory Usage: 7924 KB
Initial Memory Usage: 7940 KB
Initial Memory Usage: 8024 KB
Initial Memory Usage: 8024 KB
Initial Memory Usage: 8016 KB
Freq=0  rank=0 f[Freq]=0.125000
start fmodel
Freq=1  rank=0 f[Freq]=0.250000
start fmodel
Freq=2  rank=0 f[Freq]=0.375000
start fmodel
Freq=3  rank=0 f[Freq]=0.500000
start fmodel
Freq=4  rank=0 f[Freq]=0.625000
start fmodel
Freq=5  rank=0 f[Freq]=0.750000
start fmodel
Freq=6  rank=0 f[Freq]=0.875000
start fmodel
Freq=7  rank=0 f[Freq]=1.000000
start fmodel
开始计算v0
开始计算v0
开始计算v0
开始计算v0
开始计算v0
开始计算v0
开始计算v0
开始计算v0
_v0_time=1.931430
_v0_time=1.948314
_v0_time=1.953830
_v0_time=1.953843
_v0_time=1.981221
_v0_time=1.988089
_v0_time=1.990824
_v0_time=2.070442
ed_idx-st_idx:3072
ed_idx-st_idx:3072
ed_idx-st_idx:3072
ed_idx-st_idx:3072
ed_idx-st_idx:3072
A Bid(1056)
A Bid(3040)
A Bid(4096)
A Bid(5152)
A Bid(7136)
A Bid(8192)
A Bid(idn7=12288)
A 2
ed_idx-st_idx:3072
ed_idx-st_idx:3072
ed_idx-st_idx:3072
=======kspSolve start======
=======kspSolve start======
=======kspSolve start======
=======kspSolve start======
=======kspSolve start======
=======kspSolve start======
=======kspSolve start======
=======kspSolve start======
V1+P solve time(MPI):15.016284 
countbuf=0
V1+P solve time(MPI):15.073603 
countbuf=0

Other  not happen.
V1+P solve time(MPI):15.090450 
countbuf=0
V1+P solve time(MPI):15.082579 
countbuf=0
V1+P solve time(MPI):15.363860 
countbuf=0
V1+P solve time(MPI):15.579866 
countbuf=0
V1+P solve time(MPI):15.664632 
countbuf=0
V1+P solve time(MPI):15.806563 
countbuf=0
EpyBstart=6
EpyBstart=6
EpyBstart=6
EpyBstart=6
EpyBstart=6
EpyBstart=6
EpyBstart=6
EpyBstart=6
EpyBstart=6
EpyBstart=6
EpyBstart=6
EpyBstart=6
EpyBstart=6
EpyBstart=6
EpyBstart=6
EpyBstart=6
EpyBstart=6
EpyBstart=6
EpyBstart=6
EpyBstart=6
EpyBstart=6
EpyBstart=6
EpyBstart=6
EpyBstart=6
EpyBstart=6
EpyBstart=6
EpyBstart=6
EpyBstart=6
EpyBstart=6
EpyBstart=6
EpyBstart=6
EpyBstart=6
ed_idx-st_idx:3072
ed_idx-st_idx:3072
ed_idx-st_idx:3072
ed_idx-st_idx:3072
ed_idx-st_idx:3072
ed_idx-st_idx:3072
ed_idx-st_idx:3072
A Bid(1056)
A Bid(3040)
A Bid(4096)
A Bid(5152)
A Bid(7136)
A Bid(8192)
A Bid(idn7=12288)
A 2
ed_idx-st_idx:3072
=======kspSolve start======
=======kspSolve start======
=======kspSolve start======
=======kspSolve start======
=======kspSolve start======
=======kspSolve start======
=======kspSolve start======
=======kspSolve start======

Other  not happen.
V2+P solve time(MPI):15.447449 
Memory Usage after allocation: 872072 KB
Memory Usage after allocation: 822924 KB
Memory Usage after allocation: 832720 KB
start startrho fmodel.NX=32
s=0
V2+P solve time(MPI):15.651145 
V2+P solve time(MPI):15.558454 
Memory Usage after allocation: 830160 KB
Memory Usage after allocation: 822768 KB
Memory Usage after allocation: 842368 KB
start startrho fmodel.NX=32
Memory Usage after allocation: 873200 KB
Memory Usage after allocation: 852776 KB
Memory Usage after allocation: 862760 KB
start startrho fmodel.NX=32
s=4
s=1
V2+P solve time(MPI):15.692694 
Memory Usage after allocation: 833020 KB
Memory Usage after allocation: 826432 KB
Memory Usage after allocation: 817900 KB
start startrho fmodel.NX=32
s=2
start for循环
PhaseXX mid: 42.637172
PhaseXY mid: 45.933226
PhaseYX mid: 45.933226
PhaseYY mid: 42.637172
RseXX mid: 0.019499
RseXY mid: 47.736654
RseYX mid: 47.736654
RseYY mid: 0.019499
Memory Usage after allocation: 837064 KB
start for循环
PhaseXX mid: 43.355515
PhaseXY mid: 45.673842
PhaseYX mid: 45.673842
PhaseYY mid: 43.355515
RseXX mid: 0.019950
RseXY mid: 47.250341
RseYX mid: 47.250341
RseYY mid: 0.019950
Memory Usage after allocation: 895304 KB
V2+P solve time(MPI):15.645726 
Memory Usage after allocation: 842364 KB
Memory Usage after allocation: 834248 KB
Memory Usage after allocation: 821760 KB
start startrho fmodel.NX=32
s=7
start for循环
PhaseXX mid: 41.145575
PhaseXY mid: 46.411408
PhaseYX mid: 46.411408
PhaseYY mid: 41.145575
RseXX mid: 0.018629
RseXY mid: 48.708445
RseYX mid: 48.708445
RseYY mid: 0.018629
Memory Usage after allocation: 806892 KB
V2+P solve time(MPI):15.631759 
Memory Usage after allocation: 841756 KB
Memory Usage after allocation: 862268 KB
Memory Usage after allocation: 827300 KB
start startrho fmodel.NX=32
s=5
start for循环
PhaseXX mid: 40.019567
PhaseXY mid: 46.728888
PhaseYX mid: 46.728888
PhaseYY mid: 40.019567
RseXX mid: 0.018024
RseXY mid: 49.417988
RseYX mid: 49.417988
RseYY mid: 0.018024
Memory Usage after allocation: 894468 KB
V2+P solve time(MPI):15.536477 
Memory Usage after allocation: 831180 KB
Memory Usage after allocation: 842140 KB
Memory Usage after allocation: 822136 KB
start startrho fmodel.NX=32
s=6
V2+P solve time(MPI):15.520206 
Memory Usage after allocation: 841836 KB
Memory Usage after allocation: 823708 KB
Memory Usage after allocation: 830608 KB
start startrho fmodel.NX=32
s=3
start for循环
PhaseXX mid: 42.070343
PhaseXY mid: 46.123527
PhaseYX mid: 46.123527
PhaseYY mid: 42.070343
RseXX mid: 0.019159
RseXY mid: 48.111317
RseYX mid: 48.111317
RseYY mid: 0.019159
Memory Usage after allocation: 864676 KB
start for循环
PhaseXX mid: 40.744731
PhaseXY mid: 46.528397
PhaseYX mid: 46.528397
PhaseYY mid: 40.744731
RseXX mid: 0.018409
RseXY mid: 48.962915
RseYX mid: 48.962915
RseYY mid: 0.018409
Memory Usage after allocation: 806380 KB
start for循环
PhaseXX mid: 40.371303
PhaseXY mid: 46.633404
PhaseYX mid: 46.633404
PhaseYY mid: 40.371303
RseXX mid: 0.018209
RseXY mid: 49.198044
RseYX mid: 49.198044
RseYY mid: 0.018209
Memory Usage after allocation: 864772 KB
start for循环
PhaseXX mid: 41.582574
PhaseXY mid: 46.278622
PhaseYX mid: 46.278622
PhaseYY mid: 41.582574
RseXX mid: 0.018876
RseXY mid: 48.428201
RseYX mid: 48.428201
RseYY mid: 0.018876
Memory Usage after allocation: 864296 KB
===fmodel time(MPI):32.942401 seconds
