Initial Memory Usage: 8084 KB
Initial Memory Usage: 7964 KB
Initial Memory Usage: 7936 KB
Initial Memory Usage: 8040 KB
Initial Memory Usage: 7988 KB
Initial Memory Usage: 7996 KB
Initial Memory Usage: 7880 KB
Initial Memory Usage: 7916 KB
Initial Memory Usage: 7980 KB
Initial Memory Usage: 8068 KB
Initial Memory Usage: 7948 KB
Initial Memory Usage: 7988 KB
Initial Memory Usage: 7936 KB
Initial Memory Usage: 7980 KB
Initial Memory Usage: 8088 KB
Initial Memory Usage: 8088 KB
Initial Memory Usage: 7944 KB
Initial Memory Usage: 8072 KB
Initial Memory Usage: 8068 KB
Initial Memory Usage: 7920 KB
Initial Memory Usage: 8004 KB
Initial Memory Usage: 7988 KB
Initial Memory Usage: 8100 KB
Initial Memory Usage: 8000 KB
Initial Memory Usage: 8320 KB
Initial Memory Usage: 8060 KB
Initial Memory Usage: 8092 KB
Initial Memory Usage: 8076 KB
Initial Memory Usage: 8112 KB
Initial Memory Usage: 8184 KB
Initial Memory Usage: 8072 KB
Initial Memory Usage: 8084 KB
Initial Memory Usage: 7940 KB
Initial Memory Usage: 7944 KB
Initial Memory Usage: 7856 KB
Initial Memory Usage: 8056 KB
Initial Memory Usage: 7920 KB
Initial Memory Usage: 8040 KB
Initial Memory Usage: 8000 KB
Initial Memory Usage: 8032 KB
Initial Memory Usage: 8120 KB
Initial Memory Usage: 8024 KB
Initial Memory Usage: 7980 KB
Initial Memory Usage: 8024 KB
Initial Memory Usage: 7992 KB
Initial Memory Usage: 7940 KB
Initial Memory Usage: 8132 KB
Initial Memory Usage: 8016 KB
Initial Memory Usage: 8120 KB
Initial Memory Usage: 8084 KB
Initial Memory Usage: 8156 KB
Initial Memory Usage: 8132 KB
Initial Memory Usage: 8124 KB
Initial Memory Usage: 7944 KB
Initial Memory Usage: 8084 KB
Initial Memory Usage: 8088 KB
Initial Memory Usage: 7924 KB
Initial Memory Usage: 7916 KB
Initial Memory Usage: 8068 KB
Initial Memory Usage: 8092 KB
Initial Memory Usage: 7968 KB
Initial Memory Usage: 8056 KB
Initial Memory Usage: 8008 KB
Initial Memory Usage: 7988 KB
Initial Memory Usage: 8108 KB
Initial Memory Usage: 8120 KB
Initial Memory Usage: 8088 KB
Initial Memory Usage: 8192 KB
Initial Memory Usage: 8096 KB
Initial Memory Usage: 8088 KB
Initial Memory Usage: 7936 KB
Initial Memory Usage: 8088 KB
Initial Memory Usage: 7992 KB
Initial Memory Usage: 7996 KB
Initial Memory Usage: 8092 KB
Initial Memory Usage: 8092 KB
Initial Memory Usage: 7952 KB
Initial Memory Usage: 8160 KB
Initial Memory Usage: 7948 KB
Initial Memory Usage: 8004 KB
Initial Memory Usage: 7956 KB
Initial Memory Usage: 8068 KB
Initial Memory Usage: 7940 KB
Initial Memory Usage: 7988 KB
Initial Memory Usage: 8016 KB
Initial Memory Usage: 8032 KB
Initial Memory Usage: 8032 KB
Initial Memory Usage: 7960 KB
Initial Memory Usage: 7952 KB
Initial Memory Usage: 7952 KB
Initial Memory Usage: 8164 KB
Initial Memory Usage: 8108 KB
Initial Memory Usage: 8120 KB
Initial Memory Usage: 7928 KB
Initial Memory Usage: 8080 KB
Initial Memory Usage: 8004 KB
Initial Memory Usage: 8084 KB
Initial Memory Usage: 7952 KB
Initial Memory Usage: 8120 KB
Initial Memory Usage: 8028 KB
Initial Memory Usage: 8020 KB
Initial Memory Usage: 8076 KB
Initial Memory Usage: 8088 KB
Initial Memory Usage: 7952 KB
Initial Memory Usage: 8016 KB
Initial Memory Usage: 8104 KB
Initial Memory Usage: 8064 KB
Initial Memory Usage: 7936 KB
Initial Memory Usage: 8096 KB
Initial Memory Usage: 7984 KB
Initial Memory Usage: 8000 KB
Initial Memory Usage: 7916 KB
Initial Memory Usage: 7956 KB
Initial Memory Usage: 8080 KB
Initial Memory Usage: 8004 KB
Initial Memory Usage: 7948 KB
Initial Memory Usage: 8056 KB
Initial Memory Usage: 8112 KB
Initial Memory Usage: 8088 KB
Initial Memory Usage: 8020 KB
Initial Memory Usage: 8092 KB
Initial Memory Usage: 8068 KB
Initial Memory Usage: 8080 KB
Initial Memory Usage: 8024 KB
Initial Memory Usage: 8088 KB
Initial Memory Usage: 8092 KB
Initial Memory Usage: 7984 KB
Initial Memory Usage: 7948 KB
Initial Memory Usage: 8028 KB
Initial Memory Usage: 7960 KB
Initial Memory Usage: 8064 KB
Initial Memory Usage: 7872 KB
Initial Memory Usage: 8016 KB
Initial Memory Usage: 8004 KB
Initial Memory Usage: 7828 KB
Initial Memory Usage: 8068 KB
Initial Memory Usage: 8080 KB
Initial Memory Usage: 8100 KB
Initial Memory Usage: 8076 KB
Initial Memory Usage: 8052 KB
Initial Memory Usage: 8164 KB
Initial Memory Usage: 8024 KB
Initial Memory Usage: 8072 KB
Initial Memory Usage: 8060 KB
Initial Memory Usage: 7992 KB
Initial Memory Usage: 8060 KB
Initial Memory Usage: 8096 KB
Initial Memory Usage: 8136 KB
Initial Memory Usage: 7956 KB
Initial Memory Usage: 8080 KB
Initial Memory Usage: 8080 KB
Initial Memory Usage: 8068 KB
Initial Memory Usage: 8020 KB
Initial Memory Usage: 7876 KB
Initial Memory Usage: 8012 KB
Initial Memory Usage: 8000 KB
Initial Memory Usage: 7936 KB
Initial Memory Usage: 8088 KB
Initial Memory Usage: 8092 KB
Initial Memory Usage: 7876 KB
Initial Memory Usage: 8092 KB
Initial Memory Usage: 8088 KB
Initial Memory Usage: 7988 KB
Initial Memory Usage: 7988 KB
Initial Memory Usage: 8004 KB
Initial Memory Usage: 8004 KB
Initial Memory Usage: 7888 KB
Initial Memory Usage: 7948 KB
Initial Memory Usage: 7928 KB
Initial Memory Usage: 8072 KB
Initial Memory Usage: 8056 KB
Initial Memory Usage: 8060 KB
Initial Memory Usage: 8016 KB
Initial Memory Usage: 7956 KB
Initial Memory Usage: 8088 KB
Initial Memory Usage: 8096 KB
Initial Memory Usage: 8060 KB
Initial Memory Usage: 7916 KB
Initial Memory Usage: 8084 KB
Initial Memory Usage: 7996 KB
Initial Memory Usage: 8160 KB
Initial Memory Usage: 7976 KB
Initial Memory Usage: 7956 KB
Initial Memory Usage: 8108 KB
Initial Memory Usage: 7976 KB
Initial Memory Usage: 8092 KB
Initial Memory Usage: 8132 KB
Initial Memory Usage: 8144 KB
Initial Memory Usage: 8000 KB
Initial Memory Usage: 8108 KB
Initial Memory Usage: 7968 KB
Initial Memory Usage: 8060 KB
Initial Memory Usage: 7988 KB
Initial Memory Usage: 7884 KB
Initial Memory Usage: 8088 KB
Initial Memory Usage: 7992 KB
Initial Memory Usage: 8080 KB
Initial Memory Usage: 8020 KB
Initial Memory Usage: 8020 KB
Initial Memory Usage: 8176 KB
Initial Memory Usage: 7924 KB
Initial Memory Usage: 8120 KB
Initial Memory Usage: 8088 KB
Initial Memory Usage: 7936 KB
Initial Memory Usage: 8060 KB
Initial Memory Usage: 8088 KB
Initial Memory Usage: 7928 KB
Initial Memory Usage: 7952 KB
Initial Memory Usage: 7940 KB
Initial Memory Usage: 8016 KB
Initial Memory Usage: 7928 KB
Initial Memory Usage: 8060 KB
Initial Memory Usage: 8012 KB
Initial Memory Usage: 8016 KB
Initial Memory Usage: 7980 KB
Initial Memory Usage: 8064 KB
Initial Memory Usage: 8016 KB
Initial Memory Usage: 8020 KB
Initial Memory Usage: 8032 KB
Initial Memory Usage: 8096 KB
Initial Memory Usage: 7948 KB
Initial Memory Usage: 7992 KB
Initial Memory Usage: 7952 KB
Initial Memory Usage: 8024 KB
Initial Memory Usage: 8164 KB
Initial Memory Usage: 8184 KB
Initial Memory Usage: 8260 KB
Initial Memory Usage: 8048 KB
Initial Memory Usage: 8096 KB
Initial Memory Usage: 8156 KB
Initial Memory Usage: 8136 KB
Initial Memory Usage: 8208 KB
Initial Memory Usage: 8000 KB
Initial Memory Usage: 7908 KB
Initial Memory Usage: 8184 KB
Initial Memory Usage: 8100 KB
Initial Memory Usage: 8232 KB
Initial Memory Usage: 8068 KB
Initial Memory Usage: 8084 KB
Initial Memory Usage: 8160 KB
Initial Memory Usage: 7988 KB
Initial Memory Usage: 8072 KB
Initial Memory Usage: 7996 KB
Initial Memory Usage: 8108 KB
Initial Memory Usage: 7928 KB
Initial Memory Usage: 7996 KB
Initial Memory Usage: 7988 KB
Initial Memory Usage: 8092 KB
Initial Memory Usage: 7980 KB
Initial Memory Usage: 8020 KB
Initial Memory Usage: 8100 KB
Initial Memory Usage: 8064 KB
Initial Memory Usage: 8020 KB
Initial Memory Usage: 8100 KB
Initial Memory Usage: 7888 KB
Initial Memory Usage: 7936 KB
Freq=0  rank=0 f[Freq]=0.125000
start fmodel
Freq=1  rank=0 f[Freq]=0.250000
start fmodel
Freq=2  rank=0 f[Freq]=0.375000
start fmodel
Freq=3  rank=0 f[Freq]=0.500000
start fmodel
Freq=4  rank=0 f[Freq]=0.625000
start fmodel
Freq=5  rank=0 f[Freq]=0.750000
start fmodel
Freq=6  rank=0 f[Freq]=0.875000
start fmodel
Freq=7  rank=0 f[Freq]=1.000000
start fmodel
开始计算v0
开始计算v0
开始计算v0
开始计算v0
开始计算v0
开始计算v0
开始计算v0
开始计算v0
_v0_time=0.273718
_v0_time=0.276085
_v0_time=0.276371
_v0_time=0.277729
_v0_time=0.279390
_v0_time=0.280596
_v0_time=0.280809
_v0_time=0.281527
ed_idx-st_idx:384
ed_idx-st_idx:384
ed_idx-st_idx:384
A Bid(1056)
A Bid(3040)
A Bid(4096)
A Bid(5152)
A Bid(7136)
A Bid(8192)
A Bid(idn7=12288)
A 2
ed_idx-st_idx:384
ed_idx-st_idx:384
ed_idx-st_idx:384
ed_idx-st_idx:384
ed_idx-st_idx:384
=======kspSolve start======
=======kspSolve start======
=======kspSolve start======
=======kspSolve start======
=======kspSolve start======
=======kspSolve start======
=======kspSolve start======
=======kspSolve start======
V1+P solve time(MPI):8.922814 
countbuf=0
V1+P solve time(MPI):9.028457 
countbuf=0

Other  not happen.
V1+P solve time(MPI):9.173192 
countbuf=0
V1+P solve time(MPI):9.240262 
countbuf=0
V1+P solve time(MPI):9.313033 
countbuf=0
V1+P solve time(MPI):9.355804 
countbuf=0
V1+P solve time(MPI):9.378084 
countbuf=0
V1+P solve time(MPI):10.105344 
countbuf=0
EpyBstart=6
EpyBstart=6
EpyBstart=6
EpyBstart=6
EpyBstart=6
EpyBstart=6
EpyBstart=6
EpyBstart=6
EpyBstart=6
EpyBstart=6
EpyBstart=6
EpyBstart=6
EpyBstart=6
EpyBstart=6
EpyBstart=6
EpyBstart=6
EpyBstart=6
EpyBstart=6
EpyBstart=6
EpyBstart=6
EpyBstart=6
EpyBstart=6
EpyBstart=6
EpyBstart=6
EpyBstart=6
EpyBstart=6
EpyBstart=6
EpyBstart=6
EpyBstart=6
EpyBstart=6
EpyBstart=6
EpyBstart=6
EpyBstart=6
EpyBstart=6
EpyBstart=6
EpyBstart=6
EpyBstart=6
EpyBstart=6
EpyBstart=6
EpyBstart=6
EpyBstart=6
EpyBstart=6
EpyBstart=6
EpyBstart=6
EpyBstart=6
EpyBstart=6
EpyBstart=6
EpyBstart=6
EpyBstart=6
EpyBstart=6
EpyBstart=6
EpyBstart=6
EpyBstart=6
EpyBstart=6
EpyBstart=6
EpyBstart=6
EpyBstart=6
EpyBstart=6
EpyBstart=6
EpyBstart=6
EpyBstart=6
EpyBstart=6
EpyBstart=6
EpyBstart=6
EpyBstart=6
EpyBstart=6
EpyBstart=6
EpyBstart=6
EpyBstart=6
EpyBstart=6
EpyBstart=6
EpyBstart=6
EpyBstart=6
EpyBstart=6
EpyBstart=6
EpyBstart=6
EpyBstart=6
EpyBstart=6
EpyBstart=6
EpyBstart=6
EpyBstart=6
EpyBstart=6
EpyBstart=6
EpyBstart=6
EpyBstart=6
EpyBstart=6
EpyBstart=6
EpyBstart=6
EpyBstart=6
EpyBstart=6
EpyBstart=6
EpyBstart=6
EpyBstart=6
EpyBstart=6
EpyBstart=6
EpyBstart=6
EpyBstart=6
EpyBstart=6
EpyBstart=6
EpyBstart=6
EpyBstart=6
EpyBstart=6
EpyBstart=6
EpyBstart=6
EpyBstart=6
EpyBstart=6
EpyBstart=6
EpyBstart=6
EpyBstart=6
EpyBstart=6
EpyBstart=6
EpyBstart=6
EpyBstart=6
EpyBstart=6
EpyBstart=6
EpyBstart=6
EpyBstart=6
EpyBstart=6
EpyBstart=6
EpyBstart=6
EpyBstart=6
EpyBstart=6
EpyBstart=6
EpyBstart=6
EpyBstart=6
EpyBstart=6
EpyBstart=6
EpyBstart=6
EpyBstart=6
EpyBstart=6
EpyBstart=6
EpyBstart=6
EpyBstart=6
EpyBstart=6
EpyBstart=6
EpyBstart=6
EpyBstart=6
EpyBstart=6
EpyBstart=6
EpyBstart=6
EpyBstart=6
EpyBstart=6
EpyBstart=6
EpyBstart=6
EpyBstart=6
EpyBstart=6
EpyBstart=6
EpyBstart=6
EpyBstart=6
EpyBstart=6
EpyBstart=6
EpyBstart=6
EpyBstart=6
EpyBstart=6
EpyBstart=6
EpyBstart=6
EpyBstart=6
EpyBstart=6
EpyBstart=6
EpyBstart=6
EpyBstart=6
EpyBstart=6
EpyBstart=6
EpyBstart=6
EpyBstart=6
EpyBstart=6
EpyBstart=6
EpyBstart=6
EpyBstart=6
EpyBstart=6
EpyBstart=6
EpyBstart=6
EpyBstart=6
EpyBstart=6
EpyBstart=6
EpyBstart=6
EpyBstart=6
EpyBstart=6
EpyBstart=6
EpyBstart=6
EpyBstart=6
EpyBstart=6
EpyBstart=6
EpyBstart=6
EpyBstart=6
EpyBstart=6
EpyBstart=6
EpyBstart=6
EpyBstart=6
EpyBstart=6
EpyBstart=6
EpyBstart=6
EpyBstart=6
EpyBstart=6
EpyBstart=6
EpyBstart=6
EpyBstart=6
EpyBstart=6
EpyBstart=6
EpyBstart=6
EpyBstart=6
EpyBstart=6
EpyBstart=6
EpyBstart=6
EpyBstart=6
EpyBstart=6
EpyBstart=6
EpyBstart=6
EpyBstart=6
EpyBstart=6
EpyBstart=6
EpyBstart=6
EpyBstart=6
EpyBstart=6
EpyBstart=6
EpyBstart=6
EpyBstart=6
EpyBstart=6
EpyBstart=6
EpyBstart=6
EpyBstart=6
EpyBstart=6
EpyBstart=6
EpyBstart=6
EpyBstart=6
EpyBstart=6
EpyBstart=6
EpyBstart=6
EpyBstart=6
EpyBstart=6
EpyBstart=6
EpyBstart=6
EpyBstart=6
EpyBstart=6
EpyBstart=6
EpyBstart=6
EpyBstart=6
EpyBstart=6
EpyBstart=6
EpyBstart=6
EpyBstart=6
EpyBstart=6
EpyBstart=6
EpyBstart=6
EpyBstart=6
EpyBstart=6
EpyBstart=6
EpyBstart=6
EpyBstart=6
EpyBstart=6
EpyBstart=6
EpyBstart=6
EpyBstart=6
EpyBstart=6
EpyBstart=6
EpyBstart=6
ed_idx-st_idx:384
ed_idx-st_idx:384
=======kspSolve start======
=======kspSolve start======
ed_idx-st_idx:384
ed_idx-st_idx:384
=======kspSolve start======
=======kspSolve start======
ed_idx-st_idx:384
ed_idx-st_idx:384
ed_idx-st_idx:384
A Bid(1056)
A Bid(3040)
A Bid(4096)
A Bid(5152)
A Bid(7136)
A Bid(8192)
A Bid(idn7=12288)
A 2
ed_idx-st_idx:384
=======kspSolve start======
=======kspSolve start======
=======kspSolve start======
=======kspSolve start======

Other  not happen.
V2+P solve time(MPI):9.428853 
Memory Usage after allocation: 270548 KB
Memory Usage after allocation: 268272 KB
Memory Usage after allocation: 270912 KB
Memory Usage after allocation: 275140 KB
Memory Usage after allocation: 236972 KB
Memory Usage after allocation: 230708 KB
Memory Usage after allocation: 244840 KB
Memory Usage after allocation: 253200 KB
Memory Usage after allocation: 273448 KB
Memory Usage after allocation: 250404 KB
Memory Usage after allocation: 280316 KB
Memory Usage after allocation: 288992 KB
Memory Usage after allocation: 272820 KB
Memory Usage after allocation: 246364 KB
Memory Usage after allocation: 248628 KB
Memory Usage after allocation: 245912 KB
Memory Usage after allocation: 265076 KB
Memory Usage after allocation: 270816 KB
Memory Usage after allocation: 284636 KB
Memory Usage after allocation: 228472 KB
Memory Usage after allocation: 221596 KB
Memory Usage after allocation: 214836 KB
Memory Usage after allocation: 244536 KB
Memory Usage after allocation: 217996 KB
Memory Usage after allocation: 203484 KB
Memory Usage after allocation: 219220 KB
Memory Usage after allocation: 259764 KB
Memory Usage after allocation: 218516 KB
Memory Usage after allocation: 222996 KB
Memory Usage after allocation: 240272 KB
Memory Usage after allocation: 220968 KB
start startrho fmodel.NX=32
s=0
V2+P solve time(MPI):8.559617 
Memory Usage after allocation: 223300 KB
Memory Usage after allocation: 256732 KB
Memory Usage after allocation: 260232 KB
Memory Usage after allocation: 240096 KB
Memory Usage after allocation: 263496 KB
Memory Usage after allocation: 272164 KB
Memory Usage after allocation: 271812 KB
Memory Usage after allocation: 253008 KB
Memory Usage after allocation: 273652 KB
Memory Usage after allocation: 271140 KB
Memory Usage after allocation: 259504 KB
Memory Usage after allocation: 293852 KB
Memory Usage after allocation: 263060 KB
Memory Usage after allocation: 255868 KB
Memory Usage after allocation: 268524 KB
Memory Usage after allocation: 295996 KB
Memory Usage after allocation: 257532 KB
Memory Usage after allocation: 186124 KB
Memory Usage after allocation: 249644 KB
Memory Usage after allocation: 228212 KB
Memory Usage after allocation: 229232 KB
Memory Usage after allocation: 277104 KB
Memory Usage after allocation: 212364 KB
Memory Usage after allocation: 216508 KB
Memory Usage after allocation: 196060 KB
Memory Usage after allocation: 238380 KB
Memory Usage after allocation: 225072 KB
Memory Usage after allocation: 259188 KB
Memory Usage after allocation: 244368 KB
Memory Usage after allocation: 212792 KB
Memory Usage after allocation: 215680 KB
start startrho fmodel.NX=32
V2+P solve time(MPI):9.649345 
Memory Usage after allocation: 274608 KB
Memory Usage after allocation: 267508 KB
Memory Usage after allocation: 249144 KB
Memory Usage after allocation: 269232 KB
Memory Usage after allocation: 272340 KB
s=4
Memory Usage after allocation: 311540 KB
Memory Usage after allocation: 249720 KB
Memory Usage after allocation: 247376 KB
Memory Usage after allocation: 228564 KB
Memory Usage after allocation: 252748 KB
Memory Usage after allocation: 254468 KB
Memory Usage after allocation: 273616 KB
Memory Usage after allocation: 255340 KB
Memory Usage after allocation: 271988 KB
Memory Usage after allocation: 272728 KB
Memory Usage after allocation: 239876 KB
Memory Usage after allocation: 273248 KB
Memory Usage after allocation: 271300 KB
Memory Usage after allocation: 253316 KB
Memory Usage after allocation: 240564 KB
Memory Usage after allocation: 295684 KB
Memory Usage after allocation: 216452 KB
Memory Usage after allocation: 274036 KB
Memory Usage after allocation: 250992 KB
Memory Usage after allocation: 233156 KB
Memory Usage after allocation: 222832 KB
Memory Usage after allocation: 214756 KB
Memory Usage after allocation: 237212 KB
Memory Usage after allocation: 255252 KB
Memory Usage after allocation: 243920 KB
Memory Usage after allocation: 187484 KB
start startrho fmodel.NX=32
s=2
V2+P solve time(MPI):9.355055 
Memory Usage after allocation: 222780 KB
Memory Usage after allocation: 273308 KB
Memory Usage after allocation: 251820 KB
Memory Usage after allocation: 271280 KB
Memory Usage after allocation: 266592 KB
Memory Usage after allocation: 273596 KB
Memory Usage after allocation: 247836 KB
Memory Usage after allocation: 229692 KB
Memory Usage after allocation: 247628 KB
Memory Usage after allocation: 253908 KB
Memory Usage after allocation: 240616 KB
Memory Usage after allocation: 263264 KB
Memory Usage after allocation: 194764 KB
Memory Usage after allocation: 245160 KB
Memory Usage after allocation: 255144 KB
Memory Usage after allocation: 219584 KB
Memory Usage after allocation: 228820 KB
Memory Usage after allocation: 253416 KB
Memory Usage after allocation: 225224 KB
Memory Usage after allocation: 238260 KB
Memory Usage after allocation: 224580 KB
Memory Usage after allocation: 238700 KB
Memory Usage after allocation: 242860 KB
Memory Usage after allocation: 269024 KB
Memory Usage after allocation: 239856 KB
Memory Usage after allocation: 225356 KB
Memory Usage after allocation: 238168 KB
Memory Usage after allocation: 239068 KB
Memory Usage after allocation: 221592 KB
Memory Usage after allocation: 230368 KB
Memory Usage after allocation: 235960 KB
start startrho fmodel.NX=32
s=6
V2+P solve time(MPI):9.851089 
Memory Usage after allocation: 222744 KB
Memory Usage after allocation: 249308 KB
Memory Usage after allocation: 251256 KB
Memory Usage after allocation: 250376 KB
Memory Usage after allocation: 244988 KB
Memory Usage after allocation: 247176 KB
Memory Usage after allocation: 254044 KB
Memory Usage after allocation: 267168 KB
Memory Usage after allocation: 249072 KB
Memory Usage after allocation: 254204 KB
Memory Usage after allocation: 272080 KB
Memory Usage after allocation: 274128 KB
Memory Usage after allocation: 284816 KB
Memory Usage after allocation: 250472 KB
Memory Usage after allocation: 255568 KB
Memory Usage after allocation: 272536 KB
Memory Usage after allocation: 272340 KB
Memory Usage after allocation: 272980 KB
Memory Usage after allocation: 245648 KB
Memory Usage after allocation: 283808 KB
Memory Usage after allocation: 253224 KB
Memory Usage after allocation: 235288 KB
Memory Usage after allocation: 259616 KB
Memory Usage after allocation: 194056 KB
Memory Usage after allocation: 214504 KB
Memory Usage after allocation: 228280 KB
Memory Usage after allocation: 237944 KB
Memory Usage after allocation: 213336 KB
Memory Usage after allocation: 193848 KB
Memory Usage after allocation: 221896 KB
Memory Usage after allocation: 218588 KB
start startrho fmodel.NX=32
s=1
start for循环
PhaseXX mid: 42.637172
PhaseXY mid: 45.933226
PhaseYX mid: 45.933226
PhaseYY mid: 42.637172
RseXX mid: 0.019499
RseXY mid: 47.736654
RseYX mid: 47.736654
RseYY mid: 0.019499
Memory Usage after allocation: 245392 KB
V2+P solve time(MPI):9.764325 
Memory Usage after allocation: 217180 KB
Memory Usage after allocation: 272728 KB
Memory Usage after allocation: 249580 KB
Memory Usage after allocation: 246368 KB
Memory Usage after allocation: 268056 KB
Memory Usage after allocation: 250028 KB
Memory Usage after allocation: 273784 KB
Memory Usage after allocation: 269800 KB
Memory Usage after allocation: 251052 KB
Memory Usage after allocation: 249124 KB
Memory Usage after allocation: 253420 KB
Memory Usage after allocation: 264516 KB
Memory Usage after allocation: 270616 KB
Memory Usage after allocation: 276612 KB
Memory Usage after allocation: 296744 KB
Memory Usage after allocation: 265616 KB
Memory Usage after allocation: 215772 KB
Memory Usage after allocation: 227940 KB
Memory Usage after allocation: 212720 KB
Memory Usage after allocation: 248508 KB
Memory Usage after allocation: 222780 KB
Memory Usage after allocation: 238808 KB
Memory Usage after allocation: 237908 KB
Memory Usage after allocation: 232544 KB
Memory Usage after allocation: 220520 KB
Memory Usage after allocation: 220968 KB
Memory Usage after allocation: 203520 KB
Memory Usage after allocation: 247844 KB
Memory Usage after allocation: 213720 KB
Memory Usage after allocation: 243516 KB
Memory Usage after allocation: 193896 KB
start startrho fmodel.NX=32
s=5
start for循环
PhaseXX mid: 41.145575
PhaseXY mid: 46.411408
PhaseYX mid: 46.411408
PhaseYY mid: 41.145575
RseXX mid: 0.018629
RseXY mid: 48.708445
RseYX mid: 48.708445
RseYY mid: 0.018629
Memory Usage after allocation: 246276 KB
start for循环
PhaseXX mid: 43.355515
PhaseXY mid: 45.673842
PhaseYX mid: 45.673842
PhaseYY mid: 43.355515
RseXX mid: 0.019950
RseXY mid: 47.250341
RseYX mid: 47.250341
RseYY mid: 0.019950
Memory Usage after allocation: 267592 KB
start for循环
PhaseXX mid: 40.371303
PhaseXY mid: 46.633404
PhaseYX mid: 46.633404
PhaseYY mid: 40.371303
RseXX mid: 0.018209
RseXY mid: 49.198044
RseYX mid: 49.198044
RseYY mid: 0.018209
Memory Usage after allocation: 243372 KB
V2+P solve time(MPI):10.130557 
Memory Usage after allocation: 237288 KB
Memory Usage after allocation: 210320 KB
Memory Usage after allocation: 271668 KB
Memory Usage after allocation: 270112 KB
Memory Usage after allocation: 268564 KB
Memory Usage after allocation: 270672 KB
Memory Usage after allocation: 254768 KB
Memory Usage after allocation: 254716 KB
Memory Usage after allocation: 281556 KB
Memory Usage after allocation: 273756 KB
Memory Usage after allocation: 271876 KB
Memory Usage after allocation: 257768 KB
Memory Usage after allocation: 252100 KB
Memory Usage after allocation: 256144 KB
Memory Usage after allocation: 259876 KB
Memory Usage after allocation: 266716 KB
Memory Usage after allocation: 285312 KB
Memory Usage after allocation: 202952 KB
Memory Usage after allocation: 217748 KB
Memory Usage after allocation: 250384 KB
Memory Usage after allocation: 240984 KB
Memory Usage after allocation: 217508 KB
Memory Usage after allocation: 211540 KB
Memory Usage after allocation: 250176 KB
Memory Usage after allocation: 223100 KB
Memory Usage after allocation: 218656 KB
Memory Usage after allocation: 228808 KB
Memory Usage after allocation: 225328 KB
Memory Usage after allocation: 221216 KB
Memory Usage after allocation: 223152 KB
Memory Usage after allocation: 239288 KB
start startrho fmodel.NX=32
s=7
V2+P solve time(MPI):10.222762 
Memory Usage after allocation: 264692 KB
Memory Usage after allocation: 271076 KB
Memory Usage after allocation: 255024 KB
Memory Usage after allocation: 262588 KB
Memory Usage after allocation: 219536 KB
Memory Usage after allocation: 279516 KB
Memory Usage after allocation: 256416 KB
Memory Usage after allocation: 274988 KB
Memory Usage after allocation: 249968 KB
Memory Usage after allocation: 280700 KB
Memory Usage after allocation: 297740 KB
Memory Usage after allocation: 254832 KB
Memory Usage after allocation: 272712 KB
Memory Usage after allocation: 292236 KB
Memory Usage after allocation: 257964 KB
Memory Usage after allocation: 293300 KB
Memory Usage after allocation: 270280 KB
Memory Usage after allocation: 294264 KB
Memory Usage after allocation: 228884 KB
Memory Usage after allocation: 224240 KB
Memory Usage after allocation: 230604 KB
Memory Usage after allocation: 228516 KB
Memory Usage after allocation: 211548 KB
Memory Usage after allocation: 216244 KB
Memory Usage after allocation: 225996 KB
Memory Usage after allocation: 218800 KB
Memory Usage after allocation: 240160 KB
Memory Usage after allocation: 215104 KB
Memory Usage after allocation: 195632 KB
Memory Usage after allocation: 220964 KB
Memory Usage after allocation: 224104 KB
start startrho fmodel.NX=32
s=3
start for循环
PhaseXX mid: 42.070343
PhaseXY mid: 46.123527
PhaseYX mid: 46.123527
PhaseYY mid: 42.070343
RseXX mid: 0.019159
RseXY mid: 48.111317
RseYX mid: 48.111317
RseYY mid: 0.019159
Memory Usage after allocation: 246040 KB
start for循环
PhaseXX mid: 41.582574
PhaseXY mid: 46.278622
PhaseYX mid: 46.278622
PhaseYY mid: 41.582574
RseXX mid: 0.018876
RseXY mid: 48.428201
RseYX mid: 48.428201
RseYY mid: 0.018876
Memory Usage after allocation: 265132 KB
start for循环
PhaseXX mid: 40.019567
PhaseXY mid: 46.728888
PhaseYX mid: 46.728888
PhaseYY mid: 40.019567
RseXX mid: 0.018024
RseXY mid: 49.417988
RseYX mid: 49.417988
RseYY mid: 0.018024
Memory Usage after allocation: 246188 KB
start for循环
PhaseXX mid: 40.744731
PhaseXY mid: 46.528397
PhaseYX mid: 46.528397
PhaseYY mid: 40.744731
RseXX mid: 0.018409
RseXY mid: 48.962915
RseYX mid: 48.962915
RseYY mid: 0.018409
Memory Usage after allocation: 246288 KB
===fmodel time(MPI):19.496473 seconds
